This file contains any messages produced by compilers while
running configure, to aid debugging if configure makes a mistake.

It was created by manatee configure open-2.214.1, which was
generated by GNU Autoconf 2.71.  Invocation command line was

  $ ./configure --with-pcre

## --------- ##
## Platform. ##
## --------- ##

hostname = swan
uname -m = x86_64
uname -r = 5.19.0-35-generic
uname -s = Linux
uname -v = #36~22.04.1-Ubuntu SMP PREEMPT_DYNAMIC Fri Feb 17 15:17:25 UTC 2

/usr/bin/uname -p = x86_64
/bin/uname -X     = unknown

/bin/arch              = x86_64
/usr/bin/arch -k       = unknown
/usr/convex/getsysinfo = unknown
/usr/bin/hostinfo      = unknown
/bin/machine           = unknown
/usr/bin/oslevel       = unknown
/bin/universe          = unknown

PATH: /home/tomas/.cargo/bin/
PATH: /home/tomas/.local/bin/
PATH: /usr/local/sbin/
PATH: /usr/local/bin/
PATH: /usr/sbin/
PATH: /usr/bin/
PATH: /sbin/
PATH: /bin/
PATH: /usr/games/
PATH: /usr/local/games/
PATH: /snap/bin/
PATH: /snap/bin/
PATH: /usr/local/go/bin/
PATH: /home/tomas/go/bin/
PATH: /usr/local/go/bin/
PATH: /home/tomas/go/src/github.com/junegunn/fzf/bin/


## ----------- ##
## Core tests. ##
## ----------- ##

configure:2957: looking for aux files: compile config.guess config.sub ltmain.sh missing install-sh
configure:2970:  trying ./config/
configure:2999:   ./config/compile found
configure:2999:   ./config/config.guess found
configure:2999:   ./config/config.sub found
configure:2999:   ./config/ltmain.sh found
configure:2999:   ./config/missing found
configure:2981:   ./config/install-sh found
configure:3131: checking for a BSD-compatible install
configure:3204: result: /usr/bin/install -c
configure:3215: checking whether build environment is sane
configure:3270: result: yes
configure:3429: checking for a race-free mkdir -p
configure:3473: result: /usr/bin/mkdir -p
configure:3480: checking for gawk
configure:3501: found /usr/bin/gawk
configure:3512: result: gawk
configure:3523: checking whether make sets $(MAKE)
configure:3546: result: yes
configure:3576: checking whether make supports nested variables
configure:3594: result: yes
configure:3803: checking for g++
configure:3824: found /usr/bin/g++
configure:3835: result: g++
configure:3862: checking for C++ compiler version
configure:3871: g++ --version >&5
g++ (Ubuntu 11.3.0-1ubuntu1~22.04) 11.3.0
Copyright (C) 2021 Free Software Foundation, Inc.
This is free software; see the source for copying conditions.  There is NO
warranty; not even for MERCHANTABILITY or FITNESS FOR A PARTICULAR PURPOSE.

configure:3882: $? = 0
configure:3871: g++ -v >&5
Using built-in specs.
COLLECT_GCC=g++
COLLECT_LTO_WRAPPER=/usr/lib/gcc/x86_64-linux-gnu/11/lto-wrapper
OFFLOAD_TARGET_NAMES=nvptx-none:amdgcn-amdhsa
OFFLOAD_TARGET_DEFAULT=1
Target: x86_64-linux-gnu
Configured with: ../src/configure -v --with-pkgversion='Ubuntu 11.3.0-1ubuntu1~22.04' --with-bugurl=file:///usr/share/doc/gcc-11/README.Bugs --enable-languages=c,ada,c++,go,brig,d,fortran,objc,obj-c++,m2 --prefix=/usr --with-gcc-major-version-only --program-suffix=-11 --program-prefix=x86_64-linux-gnu- --enable-shared --enable-linker-build-id --libexecdir=/usr/lib --without-included-gettext --enable-threads=posix --libdir=/usr/lib --enable-nls --enable-bootstrap --enable-clocale=gnu --enable-libstdcxx-debug --enable-libstdcxx-time=yes --with-default-libstdcxx-abi=new --enable-gnu-unique-object --disable-vtable-verify --enable-plugin --enable-default-pie --with-system-zlib --enable-libphobos-checking=release --with-target-system-zlib=auto --enable-objc-gc=auto --enable-multiarch --disable-werror --enable-cet --with-arch-32=i686 --with-abi=m64 --with-multilib-list=m32,m64,mx32 --enable-multilib --with-tune=generic --enable-offload-targets=nvptx-none=/build/gcc-11-xKiWfi/gcc-11-11.3.0/debian/tmp-nvptx/usr,amdgcn-amdhsa=/build/gcc-11-xKiWfi/gcc-11-11.3.0/debian/tmp-gcn/usr --without-cuda-driver --enable-checking=release --build=x86_64-linux-gnu --host=x86_64-linux-gnu --target=x86_64-linux-gnu --with-build-config=bootstrap-lto-lean --enable-link-serialization=2
Thread model: posix
Supported LTO compression algorithms: zlib zstd
gcc version 11.3.0 (Ubuntu 11.3.0-1ubuntu1~22.04) 
... rest of stderr output deleted ...
configure:3882: $? = 0
configure:3871: g++ -V >&5
g++: error: unrecognized command-line option '-V'
g++: fatal error: no input files
compilation terminated.
configure:3882: $? = 1
configure:3871: g++ -qversion >&5
g++: error: unrecognized command-line option '-qversion'; did you mean '--version'?
g++: fatal error: no input files
compilation terminated.
configure:3882: $? = 1
configure:3902: checking whether the C++ compiler works
configure:3924: g++    conftest.cpp  >&5
configure:3928: $? = 0
configure:3978: result: yes
configure:3981: checking for C++ compiler default output file name
configure:3983: result: a.out
configure:3989: checking for suffix of executables
configure:3996: g++ -o conftest    conftest.cpp  >&5
configure:4000: $? = 0
configure:4023: result: 
configure:4045: checking whether we are cross compiling
configure:4053: g++ -o conftest    conftest.cpp  >&5
configure:4057: $? = 0
configure:4064: ./conftest
configure:4068: $? = 0
configure:4083: result: no
configure:4088: checking for suffix of object files
configure:4111: g++ -c   conftest.cpp >&5
configure:4115: $? = 0
configure:4137: result: o
configure:4141: checking whether the compiler supports GNU C++
configure:4161: g++ -c   conftest.cpp >&5
configure:4161: $? = 0
configure:4171: result: yes
configure:4182: checking whether g++ accepts -g
configure:4203: g++ -c -g  conftest.cpp >&5
configure:4203: $? = 0
configure:4247: result: yes
configure:4267: checking for g++ option to enable C++11 features
configure:4282: g++  -c -g -O2  conftest.cpp >&5
conftest.cpp: In function 'int main(int, char**)':
conftest.cpp:177:25: warning: empty parentheses were disambiguated as a function declaration [-Wvexing-parse]
  177 |   cxx11test::delegate d2();
      |                         ^~
conftest.cpp:177:25: note: remove parentheses to default-initialize a variable
  177 |   cxx11test::delegate d2();
      |                         ^~
      |                         --
conftest.cpp:177:25: note: or replace parentheses with braces to value-initialize a variable
configure:4282: $? = 0
configure:4300: result: none needed
configure:4367: checking whether make supports the include directive
configure:4382: make -f confmf.GNU && cat confinc.out
this is the am__doit target
configure:4385: $? = 0
configure:4404: result: yes (GNU style)
configure:4430: checking dependency style of g++
configure:4542: result: gcc3
configure:4572: checking whether g++ supports C++11 features by default
configure:4869: g++ -c -g -O2  conftest.cpp >&5
configure:4869: $? = 0
configure:4877: result: yes
configure:5564: checking for __builtin_expect
configure:5584: g++ -o conftest -g -O2   conftest.cpp  >&5
configure:5584: $? = 0
configure:5594: result: yes
configure:5609: checking for __builtin_clzll
configure:5629: g++ -o conftest -g -O2   conftest.cpp  >&5
configure:5629: $? = 0
configure:5639: result: yes
configure:5654: checking for __builtin_ctzll
configure:5674: g++ -o conftest -g -O2   conftest.cpp  >&5
configure:5674: $? = 0
configure:5684: result: yes
configure:5713: checking whether ln -s works
configure:5717: result: yes
configure:5765: checking build system type
configure:5780: result: x86_64-pc-linux-gnu
configure:5800: checking host system type
configure:5814: result: x86_64-pc-linux-gnu
configure:5855: checking how to print strings
configure:5882: result: printf
configure:5965: checking for gcc
configure:5986: found /usr/bin/gcc
configure:5997: result: gcc
configure:6350: checking for C compiler version
configure:6359: gcc --version >&5
gcc (Ubuntu 11.3.0-1ubuntu1~22.04) 11.3.0
Copyright (C) 2021 Free Software Foundation, Inc.
This is free software; see the source for copying conditions.  There is NO
warranty; not even for MERCHANTABILITY or FITNESS FOR A PARTICULAR PURPOSE.

configure:6370: $? = 0
configure:6359: gcc -v >&5
Using built-in specs.
COLLECT_GCC=gcc
COLLECT_LTO_WRAPPER=/usr/lib/gcc/x86_64-linux-gnu/11/lto-wrapper
OFFLOAD_TARGET_NAMES=nvptx-none:amdgcn-amdhsa
OFFLOAD_TARGET_DEFAULT=1
Target: x86_64-linux-gnu
Configured with: ../src/configure -v --with-pkgversion='Ubuntu 11.3.0-1ubuntu1~22.04' --with-bugurl=file:///usr/share/doc/gcc-11/README.Bugs --enable-languages=c,ada,c++,go,brig,d,fortran,objc,obj-c++,m2 --prefix=/usr --with-gcc-major-version-only --program-suffix=-11 --program-prefix=x86_64-linux-gnu- --enable-shared --enable-linker-build-id --libexecdir=/usr/lib --without-included-gettext --enable-threads=posix --libdir=/usr/lib --enable-nls --enable-bootstrap --enable-clocale=gnu --enable-libstdcxx-debug --enable-libstdcxx-time=yes --with-default-libstdcxx-abi=new --enable-gnu-unique-object --disable-vtable-verify --enable-plugin --enable-default-pie --with-system-zlib --enable-libphobos-checking=release --with-target-system-zlib=auto --enable-objc-gc=auto --enable-multiarch --disable-werror --enable-cet --with-arch-32=i686 --with-abi=m64 --with-multilib-list=m32,m64,mx32 --enable-multilib --with-tune=generic --enable-offload-targets=nvptx-none=/build/gcc-11-xKiWfi/gcc-11-11.3.0/debian/tmp-nvptx/usr,amdgcn-amdhsa=/build/gcc-11-xKiWfi/gcc-11-11.3.0/debian/tmp-gcn/usr --without-cuda-driver --enable-checking=release --build=x86_64-linux-gnu --host=x86_64-linux-gnu --target=x86_64-linux-gnu --with-build-config=bootstrap-lto-lean --enable-link-serialization=2
Thread model: posix
Supported LTO compression algorithms: zlib zstd
gcc version 11.3.0 (Ubuntu 11.3.0-1ubuntu1~22.04) 
... rest of stderr output deleted ...
configure:6370: $? = 0
configure:6359: gcc -V >&5
gcc: error: unrecognized command-line option '-V'
gcc: fatal error: no input files
compilation terminated.
configure:6370: $? = 1
configure:6359: gcc -qversion >&5
gcc: error: unrecognized command-line option '-qversion'; did you mean '--version'?
gcc: fatal error: no input files
compilation terminated.
configure:6370: $? = 1
configure:6359: gcc -version >&5
gcc: error: unrecognized command-line option '-version'
gcc: fatal error: no input files
compilation terminated.
configure:6370: $? = 1
configure:6374: checking whether the compiler supports GNU C
configure:6394: gcc -c   conftest.c >&5
configure:6394: $? = 0
configure:6404: result: yes
configure:6415: checking whether gcc accepts -g
configure:6436: gcc -c -g  conftest.c >&5
configure:6436: $? = 0
configure:6480: result: yes
configure:6500: checking for gcc option to enable C11 features
configure:6515: gcc  -c -g -O2  conftest.c >&5
configure:6515: $? = 0
configure:6533: result: none needed
configure:6649: checking whether gcc understands -c and -o together
configure:6672: gcc -c conftest.c -o conftest2.o
configure:6675: $? = 0
configure:6672: gcc -c conftest.c -o conftest2.o
configure:6675: $? = 0
configure:6687: result: yes
configure:6706: checking dependency style of gcc
configure:6818: result: gcc3
configure:6833: checking for a sed that does not truncate output
configure:6903: result: /usr/bin/sed
configure:6921: checking for grep that handles long lines and -e
configure:6985: result: /usr/bin/grep
configure:6990: checking for egrep
configure:7058: result: /usr/bin/grep -E
configure:7063: checking for fgrep
configure:7131: result: /usr/bin/grep -F
configure:7167: checking for ld used by gcc
configure:7235: result: /usr/bin/ld
configure:7242: checking if the linker (/usr/bin/ld) is GNU ld
configure:7258: result: yes
configure:7270: checking for BSD- or MS-compatible name lister (nm)
configure:7325: result: /usr/bin/nm -B
configure:7465: checking the name lister (/usr/bin/nm -B) interface
configure:7473: g++ -c -g -O2  conftest.cpp >&5
configure:7476: /usr/bin/nm -B "conftest.o"
configure:7479: output
0000000000000000 B some_variable
configure:7486: result: BSD nm
configure:7490: checking the maximum length of command line arguments
configure:7622: result: 1572864
configure:7670: checking how to convert x86_64-pc-linux-gnu file names to x86_64-pc-linux-gnu format
configure:7711: result: func_convert_file_noop
configure:7718: checking how to convert x86_64-pc-linux-gnu file names to toolchain format
configure:7739: result: func_convert_file_noop
configure:7746: checking for /usr/bin/ld option to reload object files
configure:7754: result: -r
configure:7833: checking for file
configure:7854: found /usr/bin/file
configure:7865: result: file
configure:7941: checking for objdump
configure:7962: found /usr/bin/objdump
configure:7973: result: objdump
configure:8005: checking how to recognize dependent libraries
configure:8206: result: pass_all
configure:8296: checking for dlltool
configure:8331: result: no
configure:8361: checking how to associate runtime and link libraries
configure:8389: result: printf %s\n
configure:8454: checking for ar
configure:8475: found /usr/bin/ar
configure:8486: result: ar
configure:8539: checking for archiver @FILE support
configure:8557: g++ -c -g -O2  conftest.cpp >&5
configure:8557: $? = 0
configure:8561: ar cr libconftest.a @conftest.lst >&5
configure:8564: $? = 0
configure:8569: ar cr libconftest.a @conftest.lst >&5
ar: conftest.o: No such file or directory
configure:8572: $? = 1
configure:8584: result: @
configure:8647: checking for strip
configure:8668: found /usr/bin/strip
configure:8679: result: strip
configure:8756: checking for ranlib
configure:8777: found /usr/bin/ranlib
configure:8788: result: ranlib
configure:8890: checking command to parse /usr/bin/nm -B output from gcc object
configure:9044: g++ -c -g -O2  conftest.cpp >&5
configure:9047: $? = 0
configure:9051: /usr/bin/nm -B conftest.o \| /usr/bin/sed -n -e 's/^.*[ ]\([ABCDGIRSTW][ABCDGIRSTW]*\)[ ][ ]*\([_A-Za-z][_A-Za-z0-9]*\)$/\1 \2 \2/p' | /usr/bin/sed '/ __gnu_lto/d' \> conftest.nm
configure:9054: $? = 0
configure:9120: g++ -o conftest -g -O2   conftest.cpp conftstm.o >&5
configure:9123: $? = 0
configure:9161: result: ok
configure:9208: checking for sysroot
configure:9239: result: no
configure:9246: checking for a working dd
configure:9290: result: /usr/bin/dd
configure:9294: checking how to truncate binary pipes
configure:9310: result: /usr/bin/dd bs=4096 count=1
configure:9448: g++ -c -g -O2  conftest.cpp >&5
configure:9451: $? = 0
configure:9648: checking for mt
configure:9669: found /usr/bin/mt
configure:9680: result: mt
configure:9703: checking if mt is a manifest tool
configure:9710: mt '-?'
configure:9718: result: no
configure:10443: checking for stdio.h
configure:10443: g++ -c -g -O2  conftest.cpp >&5
configure:10443: $? = 0
configure:10443: result: yes
configure:10443: checking for stdlib.h
configure:10443: g++ -c -g -O2  conftest.cpp >&5
configure:10443: $? = 0
configure:10443: result: yes
configure:10443: checking for string.h
configure:10443: g++ -c -g -O2  conftest.cpp >&5
configure:10443: $? = 0
configure:10443: result: yes
configure:10443: checking for inttypes.h
configure:10443: g++ -c -g -O2  conftest.cpp >&5
configure:10443: $? = 0
configure:10443: result: yes
configure:10443: checking for stdint.h
configure:10443: g++ -c -g -O2  conftest.cpp >&5
configure:10443: $? = 0
configure:10443: result: yes
configure:10443: checking for strings.h
configure:10443: g++ -c -g -O2  conftest.cpp >&5
configure:10443: $? = 0
configure:10443: result: yes
configure:10443: checking for sys/stat.h
configure:10443: g++ -c -g -O2  conftest.cpp >&5
configure:10443: $? = 0
configure:10443: result: yes
configure:10443: checking for sys/types.h
configure:10443: g++ -c -g -O2  conftest.cpp >&5
configure:10443: $? = 0
configure:10443: result: yes
configure:10443: checking for unistd.h
configure:10443: g++ -c -g -O2  conftest.cpp >&5
configure:10443: $? = 0
configure:10443: result: yes
configure:10468: checking for dlfcn.h
configure:10468: g++ -c -g -O2  conftest.cpp >&5
configure:10468: $? = 0
configure:10468: result: yes
configure:10737: checking for objdir
configure:10753: result: .libs
configure:11017: checking if gcc supports -fno-rtti -fno-exceptions
configure:11036: gcc -c -g -O2  -fno-rtti -fno-exceptions conftest.c >&5
cc1: warning: command-line option '-fno-rtti' is valid for C++/D/ObjC++ but not for C
configure:11040: $? = 0
configure:11053: result: no
configure:11411: checking for gcc option to produce PIC
configure:11419: result: -fPIC -DPIC
configure:11427: checking if gcc PIC flag -fPIC -DPIC works
configure:11446: gcc -c -g -O2  -fPIC -DPIC -DPIC conftest.c >&5
configure:11450: $? = 0
configure:11463: result: yes
configure:11492: checking if gcc static flag -static works
configure:11521: result: yes
configure:11536: checking if gcc supports -c -o file.o
configure:11558: gcc -c -g -O2  -o out/conftest2.o conftest.c >&5
configure:11562: $? = 0
configure:11584: result: yes
configure:11592: checking if gcc supports -c -o file.o
configure:11640: result: yes
configure:11673: checking whether the gcc linker (/usr/bin/ld -m elf_x86_64) supports shared libraries
configure:12941: result: yes
configure:12978: checking whether -lc should be explicitly linked in
configure:12987: gcc -c -g -O2  conftest.c >&5
configure:12990: $? = 0
configure:13005: gcc -shared  -fPIC -DPIC conftest.o  -v -Wl,-soname -Wl,conftest -o conftest 2\>\&1 \| /usr/bin/grep  -lc  \>/dev/null 2\>\&1
configure:13008: $? = 0
configure:13022: result: no
configure:13182: checking dynamic linker characteristics
configure:13764: gcc -o conftest -g -O2   -Wl,-rpath -Wl,/foo conftest.c  >&5
configure:13764: $? = 0
configure:14006: result: GNU/Linux ld.so
configure:14128: checking how to hardcode library paths into programs
configure:14153: result: immediate
configure:14705: checking whether stripping libraries is possible
configure:14714: result: yes
configure:14756: checking if libtool supports shared libraries
configure:14758: result: yes
configure:14761: checking whether to build shared libraries
configure:14786: result: yes
configure:14789: checking whether to build static libraries
configure:14793: result: yes
configure:14816: checking how to run the C++ preprocessor
configure:14838: g++ -E  conftest.cpp
configure:14838: $? = 0
configure:14853: g++ -E  conftest.cpp
conftest.cpp:29:10: fatal error: ac_nonexistent.h: No such file or directory
   29 | #include <ac_nonexistent.h>
      |          ^~~~~~~~~~~~~~~~~~
compilation terminated.
configure:14853: $? = 1
configure: failed program was:
| /* confdefs.h */
| #define PACKAGE_NAME "manatee"
| #define PACKAGE_TARNAME "manatee"
| #define PACKAGE_VERSION "open-2.214.1"
| #define PACKAGE_STRING "manatee open-2.214.1"
| #define PACKAGE_BUGREPORT "pary@fi.muni.cz"
| #define PACKAGE_URL ""
| #define PACKAGE "manatee"
| #define VERSION "open-2.214.1"
| #define HAVE_CXX11 1
| #define HAVE___BUILTIN_EXPECT 1
| #define HAVE___BUILTIN_CLZLL 1
| #define HAVE___BUILTIN_CTZLL 1
| #define LIKELY(condition) __builtin_expect(static_cast<bool>(condition), 1)
| #define UNLIKELY(condition) __builtin_expect(static_cast<bool>(condition), 0)
| #define HAVE_STDIO_H 1
| #define HAVE_STDLIB_H 1
| #define HAVE_STRING_H 1
| #define HAVE_INTTYPES_H 1
| #define HAVE_STDINT_H 1
| #define HAVE_STRINGS_H 1
| #define HAVE_SYS_STAT_H 1
| #define HAVE_SYS_TYPES_H 1
| #define HAVE_UNISTD_H 1
| #define STDC_HEADERS 1
| #define HAVE_DLFCN_H 1
| #define LT_OBJDIR ".libs/"
| /* end confdefs.h.  */
| #include <ac_nonexistent.h>
configure:14880: result: g++ -E
configure:14894: g++ -E  conftest.cpp
configure:14894: $? = 0
configure:14909: g++ -E  conftest.cpp
conftest.cpp:29:10: fatal error: ac_nonexistent.h: No such file or directory
   29 | #include <ac_nonexistent.h>
      |          ^~~~~~~~~~~~~~~~~~
compilation terminated.
configure:14909: $? = 1
configure: failed program was:
| /* confdefs.h */
| #define PACKAGE_NAME "manatee"
| #define PACKAGE_TARNAME "manatee"
| #define PACKAGE_VERSION "open-2.214.1"
| #define PACKAGE_STRING "manatee open-2.214.1"
| #define PACKAGE_BUGREPORT "pary@fi.muni.cz"
| #define PACKAGE_URL ""
| #define PACKAGE "manatee"
| #define VERSION "open-2.214.1"
| #define HAVE_CXX11 1
| #define HAVE___BUILTIN_EXPECT 1
| #define HAVE___BUILTIN_CLZLL 1
| #define HAVE___BUILTIN_CTZLL 1
| #define LIKELY(condition) __builtin_expect(static_cast<bool>(condition), 1)
| #define UNLIKELY(condition) __builtin_expect(static_cast<bool>(condition), 0)
| #define HAVE_STDIO_H 1
| #define HAVE_STDLIB_H 1
| #define HAVE_STRING_H 1
| #define HAVE_INTTYPES_H 1
| #define HAVE_STDINT_H 1
| #define HAVE_STRINGS_H 1
| #define HAVE_SYS_STAT_H 1
| #define HAVE_SYS_TYPES_H 1
| #define HAVE_UNISTD_H 1
| #define STDC_HEADERS 1
| #define HAVE_DLFCN_H 1
| #define LT_OBJDIR ".libs/"
| /* end confdefs.h.  */
| #include <ac_nonexistent.h>
configure:15074: checking for ld used by g++
configure:15142: result: /usr/bin/ld -m elf_x86_64
configure:15149: checking if the linker (/usr/bin/ld -m elf_x86_64) is GNU ld
configure:15165: result: yes
configure:15220: checking whether the g++ linker (/usr/bin/ld -m elf_x86_64) supports shared libraries
configure:16298: result: yes
configure:16334: g++ -c -g -O2  conftest.cpp >&5
configure:16337: $? = 0
configure:16818: checking for g++ option to produce PIC
configure:16826: result: -fPIC -DPIC
configure:16834: checking if g++ PIC flag -fPIC -DPIC works
configure:16853: g++ -c -g -O2  -fPIC -DPIC -DPIC conftest.cpp >&5
configure:16857: $? = 0
configure:16870: result: yes
configure:16893: checking if g++ static flag -static works
configure:16922: result: yes
configure:16934: checking if g++ supports -c -o file.o
configure:16956: g++ -c -g -O2  -o out/conftest2.o conftest.cpp >&5
configure:16960: $? = 0
configure:16982: result: yes
configure:16987: checking if g++ supports -c -o file.o
configure:17035: result: yes
configure:17065: checking whether the g++ linker (/usr/bin/ld -m elf_x86_64) supports shared libraries
configure:17105: result: yes
configure:17247: checking dynamic linker characteristics
configure:17998: result: GNU/Linux ld.so
configure:18063: checking how to hardcode library paths into programs
configure:18088: result: immediate
configure:18149: checking for dlinit in -ldl
configure:18171: g++ -o conftest -g -O2   conftest.cpp -ldl   >&5
/usr/bin/ld: /tmp/ccoiPHfM.o: in function `main':
/home/tomas/work/korpus/manatee/manatee-open-2.214.1/conftest.cpp:36: undefined reference to `dlinit'
collect2: error: ld returned 1 exit status
configure:18171: $? = 1
configure: failed program was:
| /* confdefs.h */
| #define PACKAGE_NAME "manatee"
| #define PACKAGE_TARNAME "manatee"
| #define PACKAGE_VERSION "open-2.214.1"
| #define PACKAGE_STRING "manatee open-2.214.1"
| #define PACKAGE_BUGREPORT "pary@fi.muni.cz"
| #define PACKAGE_URL ""
| #define PACKAGE "manatee"
| #define VERSION "open-2.214.1"
| #define HAVE_CXX11 1
| #define HAVE___BUILTIN_EXPECT 1
| #define HAVE___BUILTIN_CLZLL 1
| #define HAVE___BUILTIN_CTZLL 1
| #define LIKELY(condition) __builtin_expect(static_cast<bool>(condition), 1)
| #define UNLIKELY(condition) __builtin_expect(static_cast<bool>(condition), 0)
| #define HAVE_STDIO_H 1
| #define HAVE_STDLIB_H 1
| #define HAVE_STRING_H 1
| #define HAVE_INTTYPES_H 1
| #define HAVE_STDINT_H 1
| #define HAVE_STRINGS_H 1
| #define HAVE_SYS_STAT_H 1
| #define HAVE_SYS_TYPES_H 1
| #define HAVE_UNISTD_H 1
| #define STDC_HEADERS 1
| #define HAVE_DLFCN_H 1
| #define LT_OBJDIR ".libs/"
| /* end confdefs.h.  */
| 
| namespace conftest {
|   extern "C" int dlinit ();
| }
| int
| main (void)
| {
| return conftest::dlinit ();
|   ;
|   return 0;
| }
configure:18181: result: no
configure:18336: checking for locale.h
configure:18336: g++ -c -g -O2  conftest.cpp >&5
configure:18336: $? = 0
configure:18336: result: yes
configure:18342: checking for stdlib.h
configure:18342: result: yes
configure:18348: checking for string.h
configure:18348: result: yes
configure:18354: checking for unistd.h
configure:18354: result: yes
configure:18360: checking for fsa3/writefsa.h
configure:18360: g++ -c -g -O2  conftest.cpp >&5
conftest.cpp:63:10: fatal error: fsa3/writefsa.h: No such file or directory
   63 | #include <fsa3/writefsa.h>
      |          ^~~~~~~~~~~~~~~~~
compilation terminated.
configure:18360: $? = 1
configure: failed program was:
| /* confdefs.h */
| #define PACKAGE_NAME "manatee"
| #define PACKAGE_TARNAME "manatee"
| #define PACKAGE_VERSION "open-2.214.1"
| #define PACKAGE_STRING "manatee open-2.214.1"
| #define PACKAGE_BUGREPORT "pary@fi.muni.cz"
| #define PACKAGE_URL ""
| #define PACKAGE "manatee"
| #define VERSION "open-2.214.1"
| #define HAVE_CXX11 1
| #define HAVE___BUILTIN_EXPECT 1
| #define HAVE___BUILTIN_CLZLL 1
| #define HAVE___BUILTIN_CTZLL 1
| #define LIKELY(condition) __builtin_expect(static_cast<bool>(condition), 1)
| #define UNLIKELY(condition) __builtin_expect(static_cast<bool>(condition), 0)
| #define HAVE_STDIO_H 1
| #define HAVE_STDLIB_H 1
| #define HAVE_STRING_H 1
| #define HAVE_INTTYPES_H 1
| #define HAVE_STDINT_H 1
| #define HAVE_STRINGS_H 1
| #define HAVE_SYS_STAT_H 1
| #define HAVE_SYS_TYPES_H 1
| #define HAVE_UNISTD_H 1
| #define STDC_HEADERS 1
| #define HAVE_DLFCN_H 1
| #define LT_OBJDIR ".libs/"
| #define LEXICON_USE_FSA3 1
| #define HAVE_PTHREAD 1
| #define HAVE_LOCALE_H 1
| #define HAVE_STDLIB_H 1
| #define HAVE_STRING_H 1
| #define HAVE_UNISTD_H 1
| /* end confdefs.h.  */
| #include <stddef.h>
| #ifdef HAVE_STDIO_H
| # include <stdio.h>
| #endif
| #ifdef HAVE_STDLIB_H
| # include <stdlib.h>
| #endif
| #ifdef HAVE_STRING_H
| # include <string.h>
| #endif
| #ifdef HAVE_INTTYPES_H
| # include <inttypes.h>
| #endif
| #ifdef HAVE_STDINT_H
| # include <stdint.h>
| #endif
| #ifdef HAVE_STRINGS_H
| # include <strings.h>
| #endif
| #ifdef HAVE_SYS_TYPES_H
| # include <sys/types.h>
| #endif
| #ifdef HAVE_SYS_STAT_H
| # include <sys/stat.h>
| #endif
| #ifdef HAVE_UNISTD_H
| # include <unistd.h>
| #endif
| #include <fsa3/writefsa.h>
configure:18360: result: no
configure:18366: checking for hat-trie/hat-trie.h
configure:18366: g++ -c -g -O2  conftest.cpp >&5
configure:18366: $? = 0
configure:18366: result: yes
configure:18383: checking for special C compiler options needed for large files
configure:18431: result: no
configure:18437: checking for _FILE_OFFSET_BITS value needed for large files
configure:18463: g++ -c -g -O2  conftest.cpp >&5
configure:18463: $? = 0
configure:18497: result: no
configure:18581: checking whether lstat correctly handles trailing slash
configure:18614: g++ -o conftest -g -O2   conftest.cpp  >&5
configure:18614: $? = 0
configure:18614: ./conftest
configure:18614: $? = 0
configure:18632: result: yes
configure:18649: checking whether stat accepts an empty string
configure:18671: g++ -o conftest -g -O2   conftest.cpp  >&5
configure:18671: $? = 0
configure:18671: ./conftest
configure:18671: $? = 0
configure:18682: result: no
configure:18700: checking for sys/param.h
configure:18700: g++ -c -g -O2  conftest.cpp >&5
configure:18700: $? = 0
configure:18700: result: yes
configure:18715: checking for getpagesize
configure:18715: g++ -o conftest -g -O2   conftest.cpp  >&5
configure:18715: $? = 0
configure:18715: result: yes
configure:18726: checking for working mmap
configure:18878: g++ -o conftest -g -O2   conftest.cpp  >&5
configure:18878: $? = 0
configure:18878: ./conftest
configure:18878: $? = 0
configure:18889: result: yes
configure:18898: checking for memmove
configure:18898: g++ -o conftest -g -O2   conftest.cpp  >&5
conftest.cpp:56:6: warning: declaration of 'char memmove()' conflicts with built-in declaration 'void* memmove(void*, const void*, long unsigned int)' [-Wbuiltin-declaration-mismatch]
   56 | char memmove ();
      |      ^~~~~~~
configure:18898: $? = 0
configure:18898: result: yes
configure:18904: checking for setlocale
configure:18904: g++ -o conftest -g -O2   conftest.cpp  >&5
configure:18904: $? = 0
configure:18904: result: yes
configure:18910: checking for strchr
configure:18910: g++ -o conftest -g -O2   conftest.cpp  >&5
conftest.cpp:58:6: warning: declaration of 'char strchr()' conflicts with built-in declaration 'char* strchr(const char*, int)' [-Wbuiltin-declaration-mismatch]
   58 | char strchr ();
      |      ^~~~~~
configure:18910: $? = 0
configure:18910: result: yes
configure:18916: checking for strdup
configure:18916: g++ -o conftest -g -O2   conftest.cpp  >&5
conftest.cpp:59:6: warning: declaration of 'char strdup()' conflicts with built-in declaration 'char* strdup(const char*)' [-Wbuiltin-declaration-mismatch]
   59 | char strdup ();
      |      ^~~~~~
configure:18916: $? = 0
configure:18916: result: yes
configure:18922: checking for strerror
configure:18922: g++ -o conftest -g -O2   conftest.cpp  >&5
configure:18922: $? = 0
configure:18922: result: yes
configure:18928: checking for strpbrk
configure:18928: g++ -o conftest -g -O2   conftest.cpp  >&5
conftest.cpp:61:6: warning: declaration of 'char strpbrk()' conflicts with built-in declaration 'char* strpbrk(const char*, const char*)' [-Wbuiltin-declaration-mismatch]
   61 | char strpbrk ();
      |      ^~~~~~~
configure:18928: $? = 0
configure:18928: result: yes
configure:18935: checking for getopt
configure:18935: g++ -o conftest -g -O2   conftest.cpp  >&5
configure:18935: $? = 0
configure:18935: result: yes
configure:18987: checking for swig
configure:19025: result: no
configure:18987: checking for swig3.0
configure:19010: found /usr/bin/swig3.0
configure:19022: result: /usr/bin/swig3.0
configure:19038: checking SWIG version
configure:19041: result: 3.0.12
configure:19090: checking for SWIG library
configure:19093: result: /usr/share/swig3.0
configure:19129: checking for python
configure:19152: found /usr/bin/python
configure:19164: result: /usr/bin/python
configure:19184: checking for python version
configure:19192: result: 3.10
configure:19197: checking for python platform
configure:19205: result: linux
configure:19266: checking for GNU default python prefix
configure:19268: result: ${prefix}
configure:19334: checking for GNU default python exec_prefix
configure:19336: result: ${exec_prefix}
configure:19367: checking for python script directory (pythondir)
configure:19402: result: ${PYTHON_PREFIX}/local/lib/python3.10/dist-packages
configure:19410: checking for python extension module directory (pyexecdir)
configure:19445: result: ${PYTHON_EXEC_PREFIX}/local/lib/python3.10/dist-packages
configure:19464: checking for python3.10
configure:19499: result: /usr/bin/python
configure:19515: checking for a version of Python >= '2.1.0'
configure:19541: result: yes
configure:19572: checking for the sysconfig Python package
configure:19576: result: yes
configure:19601: checking for Python include path
configure:19626: result: -I/usr/include/python3.10
configure:19633: checking for Python library path
configure:19708: result: -L/usr/lib/x86_64-linux-gnu -lpython3.10
configure:19715: checking for Python site-packages path
configure:19727: result: /usr/local/lib/python3.10/dist-packages
configure:19734: checking for Python platform specific site-packages path
configure:19746: result: 
configure:19753: checking python extra libraries
configure:19760: result: -lcrypt -ldl  -lm -lm
configure:19767: checking python extra linking flags
configure:19774: result: -Xlinker -export-dynamic -Wl,-O1 -Wl,-Bsymbolic-functions
configure:19781: checking consistency of all components of python development environment
configure:19809: gcc -o conftest -g -O2  -I/usr/include/python3.10  -Xlinker -export-dynamic -Wl,-O1 -Wl,-Bsymbolic-functions conftest.c  -L/usr/lib/x86_64-linux-gnu -lpython3.10 -lcrypt -ldl  -lm -lm -lcrypt -ldl  -lm -lm >&5
configure:19809: $? = 0
configure:19828: result: yes
configure:20776: selecting pcre regexps
configure:20814: Found PCRE version 8.39
configure:20836: PCRE from -lpcre
configure:20855: regexlibs is -lpcre
configure:21020: checking that generated files are newer than configure
configure:21026: result: done
configure:21057: === configuring in hat-trie (/home/tomas/work/korpus/manatee/manatee-open-2.214.1/hat-trie)
configure:21134: running /bin/bash ./configure '--prefix=/usr/local' --disable-option-checking  '--with-pcre' '--with-pic' '--srcdir=.' --cache-file=
configure:21184: creating ./config.status

## ---------------------- ##
## Running config.status. ##
## ---------------------- ##

This file was extended by manatee config.status open-2.214.1, which was
generated by GNU Autoconf 2.71.  Invocation command line was

  CONFIG_FILES    = 
  CONFIG_HEADERS  = 
  CONFIG_LINKS    = 
  CONFIG_COMMANDS = 
  $ ./config.status 

on swan

config.status:1238: creating Makefile
config.status:1238: creating finlib/Makefile
config.status:1238: creating src/Makefile
config.status:1238: creating corp/Makefile
config.status:1238: creating concord/Makefile
config.status:1238: creating query/Makefile
config.status:1238: creating api/Makefile
config.status:1238: creating config/dpkg-control
config.status:1238: creating fsa3/Makefile
config.status:1238: creating config.hh
config.status:1467: executing depfiles commands
config.status:1544: cd finlib       && sed -e '/# am--include-marker/d' Makefile         | make -f - am--depfiles
config.status:1549: $? = 0
config.status:1544: cd src       && sed -e '/# am--include-marker/d' Makefile         | make -f - am--depfiles
config.status:1549: $? = 0
config.status:1544: cd corp       && sed -e '/# am--include-marker/d' Makefile         | make -f - am--depfiles
config.status:1549: $? = 0
config.status:1544: cd concord       && sed -e '/# am--include-marker/d' Makefile         | make -f - am--depfiles
config.status:1549: $? = 0
config.status:1544: cd query       && sed -e '/# am--include-marker/d' Makefile         | make -f - am--depfiles
config.status:1549: $? = 0
config.status:1544: cd api       && sed -e '/# am--include-marker/d' Makefile         | make -f - am--depfiles
config.status:1549: $? = 0
config.status:1544: cd fsa3       && sed -e '/# am--include-marker/d' Makefile         | make -f - am--depfiles
config.status:1549: $? = 0
config.status:1467: executing libtool commands

## ---------------- ##
## Cache variables. ##
## ---------------- ##

ac_cv_build=x86_64-pc-linux-gnu
ac_cv_c_compiler_gnu=yes
ac_cv_cxx_compiler_gnu=yes
ac_cv_env_CCC_set=
ac_cv_env_CCC_value=
ac_cv_env_CC_set=
ac_cv_env_CC_value=
ac_cv_env_CFLAGS_set=
ac_cv_env_CFLAGS_value=
ac_cv_env_CPPFLAGS_set=
ac_cv_env_CPPFLAGS_value=
ac_cv_env_CXXCPP_set=
ac_cv_env_CXXCPP_value=
ac_cv_env_CXXFLAGS_set=
ac_cv_env_CXXFLAGS_value=
ac_cv_env_CXX_set=
ac_cv_env_CXX_value=
ac_cv_env_LDFLAGS_set=
ac_cv_env_LDFLAGS_value=
ac_cv_env_LIBS_set=
ac_cv_env_LIBS_value=
ac_cv_env_LT_SYS_LIBRARY_PATH_set=
ac_cv_env_LT_SYS_LIBRARY_PATH_value=
ac_cv_env_MANATEE_REGISTRY_set=
ac_cv_env_MANATEE_REGISTRY_value=
ac_cv_env_PERL_set=
ac_cv_env_PERL_value=
ac_cv_env_PYTHON_VERSION_set=
ac_cv_env_PYTHON_VERSION_value=
ac_cv_env_PYTHON_set=
ac_cv_env_PYTHON_value=
ac_cv_env_RUBY_set=
ac_cv_env_RUBY_value=
ac_cv_env_build_alias_set=
ac_cv_env_build_alias_value=
ac_cv_env_host_alias_set=
ac_cv_env_host_alias_value=
ac_cv_env_target_alias_set=
ac_cv_env_target_alias_value=
ac_cv_func_getopt=yes
ac_cv_func_getpagesize=yes
ac_cv_func_lstat_dereferences_slashed_symlink=yes
ac_cv_func_memmove=yes
ac_cv_func_mmap_fixed_mapped=yes
ac_cv_func_setlocale=yes
ac_cv_func_stat_empty_string_bug=no
ac_cv_func_strchr=yes
ac_cv_func_strdup=yes
ac_cv_func_strerror=yes
ac_cv_func_strpbrk=yes
ac_cv_header_dlfcn_h=yes
ac_cv_header_fsa3_writefsa_h=no
ac_cv_header_hat_trie_hat_trie_h=yes
ac_cv_header_inttypes_h=yes
ac_cv_header_locale_h=yes
ac_cv_header_stdint_h=yes
ac_cv_header_stdio_h=yes
ac_cv_header_stdlib_h=yes
ac_cv_header_string_h=yes
ac_cv_header_strings_h=yes
ac_cv_header_sys_param_h=yes
ac_cv_header_sys_stat_h=yes
ac_cv_header_sys_types_h=yes
ac_cv_header_unistd_h=yes
ac_cv_host=x86_64-pc-linux-gnu
ac_cv_lib_dl_dlinit=no
ac_cv_objext=o
ac_cv_path_EGREP='/usr/bin/grep -E'
ac_cv_path_FGREP='/usr/bin/grep -F'
ac_cv_path_GREP=/usr/bin/grep
ac_cv_path_PYTHON=/usr/bin/python
ac_cv_path_SED=/usr/bin/sed
ac_cv_path_SWIG=/usr/bin/swig3.0
ac_cv_path_install='/usr/bin/install -c'
ac_cv_path_lt_DD=/usr/bin/dd
ac_cv_path_mkdir=/usr/bin/mkdir
ac_cv_prog_AWK=gawk
ac_cv_prog_CXXCPP='g++ -E'
ac_cv_prog_ac_ct_AR=ar
ac_cv_prog_ac_ct_CC=gcc
ac_cv_prog_ac_ct_CXX=g++
ac_cv_prog_ac_ct_FILECMD=file
ac_cv_prog_ac_ct_MANIFEST_TOOL=mt
ac_cv_prog_ac_ct_OBJDUMP=objdump
ac_cv_prog_ac_ct_RANLIB=ranlib
ac_cv_prog_ac_ct_STRIP=strip
ac_cv_prog_cc_c11=
ac_cv_prog_cc_g=yes
ac_cv_prog_cc_stdc=
ac_cv_prog_cxx_11=no
ac_cv_prog_cxx_cxx11=
ac_cv_prog_cxx_g=yes
ac_cv_prog_cxx_stdcxx=
ac_cv_prog_make_make_set=yes
ac_cv_sys_file_offset_bits=no
ac_cv_sys_largefile_CC=no
am_cv_CC_dependencies_compiler_type=gcc3
am_cv_CXX_dependencies_compiler_type=gcc3
am_cv_make_support_nested_variables=yes
am_cv_prog_cc_c_o=yes
am_cv_python_platform=linux
am_cv_python_pyexecdir='${PYTHON_EXEC_PREFIX}/local/lib/python3.10/dist-packages'
am_cv_python_pythondir='${PYTHON_PREFIX}/local/lib/python3.10/dist-packages'
am_cv_python_version=3.10
ax_cv_cxx_compile_cxx11=yes
ax_cv_have___builtin_clzll=yes
ax_cv_have___builtin_ctzll=yes
ax_cv_have___builtin_expect=yes
lt_cv_ar_at_file=@
lt_cv_archive_cmds_need_lc=no
lt_cv_deplibs_check_method=pass_all
lt_cv_file_magic_cmd='$MAGIC_CMD'
lt_cv_file_magic_test_file=
lt_cv_ld_reload_flag=-r
lt_cv_nm_interface='BSD nm'
lt_cv_objdir=.libs
lt_cv_path_LD=/usr/bin/ld
lt_cv_path_LDCXX='/usr/bin/ld -m elf_x86_64'
lt_cv_path_NM='/usr/bin/nm -B'
lt_cv_path_mainfest_tool=no
lt_cv_prog_compiler_c_o=yes
lt_cv_prog_compiler_c_o_CXX=yes
lt_cv_prog_compiler_pic='-fPIC -DPIC'
lt_cv_prog_compiler_pic_CXX='-fPIC -DPIC'
lt_cv_prog_compiler_pic_works=yes
lt_cv_prog_compiler_pic_works_CXX=yes
lt_cv_prog_compiler_rtti_exceptions=no
lt_cv_prog_compiler_static_works=yes
lt_cv_prog_compiler_static_works_CXX=yes
lt_cv_prog_gnu_ld=yes
lt_cv_prog_gnu_ldcxx=yes
lt_cv_sharedlib_from_linklib_cmd='printf %s\n'
lt_cv_shlibpath_overrides_runpath=yes
lt_cv_sys_global_symbol_pipe='/usr/bin/sed -n -e '\''s/^.*[	 ]\([ABCDGIRSTW][ABCDGIRSTW]*\)[	 ][	 ]*\([_A-Za-z][_A-Za-z0-9]*\)$/\1 \2 \2/p'\'' | /usr/bin/sed '\''/ __gnu_lto/d'\'''
lt_cv_sys_global_symbol_to_c_name_address='/usr/bin/sed -n -e '\''s/^: \(.*\) .*$/  {"\1", (void *) 0},/p'\'' -e '\''s/^[ABCDGIRSTW][ABCDGIRSTW]* .* \(.*\)$/  {"\1", (void *) \&\1},/p'\'''
lt_cv_sys_global_symbol_to_c_name_address_lib_prefix='/usr/bin/sed -n -e '\''s/^: \(.*\) .*$/  {"\1", (void *) 0},/p'\'' -e '\''s/^[ABCDGIRSTW][ABCDGIRSTW]* .* \(lib.*\)$/  {"\1", (void *) \&\1},/p'\'' -e '\''s/^[ABCDGIRSTW][ABCDGIRSTW]* .* \(.*\)$/  {"lib\1", (void *) \&\1},/p'\'''
lt_cv_sys_global_symbol_to_cdecl='/usr/bin/sed -n -e '\''s/^T .* \(.*\)$/extern int \1();/p'\'' -e '\''s/^[ABCDGIRSTW][ABCDGIRSTW]* .* \(.*\)$/extern char \1;/p'\'''
lt_cv_sys_global_symbol_to_import=
lt_cv_sys_max_cmd_len=1572864
lt_cv_to_host_file_cmd=func_convert_file_noop
lt_cv_to_tool_file_cmd=func_convert_file_noop
lt_cv_truncate_bin='/usr/bin/dd bs=4096 count=1'

## ----------------- ##
## Output variables. ##
## ----------------- ##

ACLOCAL='${SHELL} '\''/home/tomas/work/korpus/manatee/manatee-open-2.214.1/config/missing'\'' aclocal-1.16'
ADDPCREPOSIX_FALSE=''
ADDPCREPOSIX_TRUE='#'
AMDEPBACKSLASH='\'
AMDEP_FALSE='#'
AMDEP_TRUE=''
AMTAR='$${TAR-tar}'
AM_BACKSLASH='\'
AM_CPPFLAGS='-Wall -Wp,-D_FORTIFY_SOURCE=2 -Wno-deprecated'
AM_CXXFLAGS='-fexceptions -fstack-protector --param=ssp-buffer-size=4'
AM_DEFAULT_V='$(AM_DEFAULT_VERBOSITY)'
AM_DEFAULT_VERBOSITY='1'
AM_V='$(V)'
AR='ar'
AUTOCONF='${SHELL} '\''/home/tomas/work/korpus/manatee/manatee-open-2.214.1/config/missing'\'' autoconf'
AUTOHEADER='${SHELL} '\''/home/tomas/work/korpus/manatee/manatee-open-2.214.1/config/missing'\'' autoheader'
AUTOMAKE='${SHELL} '\''/home/tomas/work/korpus/manatee/manatee-open-2.214.1/config/missing'\'' automake-1.16'
AWK='gawk'
AX_SWIG_PYTHON_CPPFLAGS='-I/usr/include/python3.10'
AX_SWIG_PYTHON_OPT='-python'
CC='gcc'
CCDEPMODE='depmode=gcc3'
CFLAGS='-g -O2'
CPPFLAGS=''
CSCOPE='cscope'
CTAGS='ctags'
CXX='g++'
CXXCPP='g++ -E'
CXXDEPMODE='depmode=gcc3'
CXXFLAGS='-g -O2'
CXXLIB_FALSE=''
CXXLIB_TRUE='#'
CYGPATH_W='echo'
DEFS='-DHAVE_CONFIG_H'
DEPDIR='.deps'
DLLTOOL='false'
DSYMUTIL=''
DUMPBIN=''
ECHO_C=''
ECHO_N='-n'
ECHO_T=''
EGREP='/usr/bin/grep -E'
ETAGS='etags'
EXEEXT=''
FGREP='/usr/bin/grep -F'
FILECMD='file'
GREP='/usr/bin/grep'
HAVE_CXX11='1'
INSTALL_DATA='${INSTALL} -m 644'
INSTALL_PROGRAM='${INSTALL}'
INSTALL_SCRIPT='${INSTALL}'
INSTALL_STRIP_PROGRAM='$(install_sh) -c -s'
JAVA_API_ENABLED_FALSE=''
JAVA_API_ENABLED_TRUE='#'
JAVA_CPPFLAGS=''
LD='/usr/bin/ld -m elf_x86_64'
LDFLAGS=''
LIBOBJS=''
LIBS=''
LIBTOOL='$(SHELL) $(abs_top_builddir)/libtool'
LIPO=''
LN_S='ln -s'
LTLIBOBJS=''
LT_SYS_LIBRARY_PATH=''
MAKEINFO='${SHELL} '\''/home/tomas/work/korpus/manatee/manatee-open-2.214.1/config/missing'\'' makeinfo'
MANATEE_REGISTRY=''
MANATEE_REGISTRY_STR_FALSE=''
MANATEE_REGISTRY_STR_TRUE='#'
MANIFEST_TOOL=':'
MKDIR_P='/usr/bin/mkdir -p'
NM='/usr/bin/nm -B'
NMEDIT=''
OBJDUMP='objdump'
OBJEXT='o'
OTOOL64=''
OTOOL=''
PACKAGE='manatee'
PACKAGE_BUGREPORT='pary@fi.muni.cz'
PACKAGE_NAME='manatee'
PACKAGE_STRING='manatee open-2.214.1'
PACKAGE_TARNAME='manatee'
PACKAGE_URL=''
PACKAGE_VERSION='open-2.214.1'
PATH_SEPARATOR=':'
PCRE_SUBDIRS=''
PERL=''
PERL_API_ENABLED_FALSE=''
PERL_API_ENABLED_TRUE='#'
PERL_CPPFLAGS=''
PERL_SITE_PKG=''
PTHREAD_LIBS='-pthread'
PYTHON='/usr/bin/python'
PYTHON_API_ENABLED_FALSE='#'
PYTHON_API_ENABLED_TRUE=''
PYTHON_CPPFLAGS='-I/usr/include/python3.10'
PYTHON_EXEC_PREFIX='${exec_prefix}'
PYTHON_EXTRA_LDFLAGS='-Xlinker -export-dynamic -Wl,-O1 -Wl,-Bsymbolic-functions'
PYTHON_EXTRA_LIBS='-lcrypt -ldl  -lm -lm'
PYTHON_LIBS='-L/usr/lib/x86_64-linux-gnu -lpython3.10'
PYTHON_PLATFORM='linux'
PYTHON_PLATFORM_SITE_PKG=''
PYTHON_PREFIX='${prefix}'
PYTHON_SITE_PKG='/usr/local/lib/python3.10/dist-packages'
PYTHON_VERSION='3.10'
RANLIB='ranlib'
RUBY=''
RUBY_API_ENABLED_FALSE=''
RUBY_API_ENABLED_TRUE='#'
RUBY_CPPFLAGS=''
RUBY_EXTRA_LIBS=''
RUBY_LDFLAGS=''
RUBY_SITE_PKG=''
RUBY_VERSION=''
SED='/usr/bin/sed'
SET_MAKE=''
SHELL='/bin/bash'
STRIP='strip'
SWIG='/usr/bin/swig3.0'
SWIG_LIB='/usr/share/swig3.0'
VERSION='open-2.214.1'
YACC='bison'
_ACJNI_JAVAC=''
ac_ct_AR='ar'
ac_ct_CC='gcc'
ac_ct_CXX='g++'
ac_ct_DUMPBIN=''
am__EXEEXT_FALSE=''
am__EXEEXT_TRUE='#'
am__fastdepCC_FALSE='#'
am__fastdepCC_TRUE=''
am__fastdepCXX_FALSE='#'
am__fastdepCXX_TRUE=''
am__include='include'
am__isrc=''
am__leading_dot='.'
am__nodep='_no'
am__quote=''
am__tar='$${TAR-tar} chof - "$$tardir"'
am__untar='$${TAR-tar} xf -'
bindir='${exec_prefix}/bin'
build='x86_64-pc-linux-gnu'
build_alias=''
build_cpu='x86_64'
build_os='linux-gnu'
build_vendor='pc'
datadir='${datarootdir}'
datarootdir='${prefix}/share'
docdir='${datarootdir}/doc/${PACKAGE_TARNAME}'
dvidir='${docdir}'
exec_prefix='${prefix}'
host='x86_64-pc-linux-gnu'
host_alias=''
host_cpu='x86_64'
host_os='linux-gnu'
host_vendor='pc'
htmldir='${docdir}'
icu_config=''
includedir='${prefix}/include'
infodir='${datarootdir}/info'
install_sh='${SHELL} /home/tomas/work/korpus/manatee/manatee-open-2.214.1/config/install-sh'
libdir='${exec_prefix}/lib'
libexecdir='${exec_prefix}/libexec'
localedir='${datarootdir}/locale'
localstatedir='${prefix}/var'
mandir='${datarootdir}/man'
mkdir_p='$(MKDIR_P)'
oldincludedir='/usr/include'
pdfdir='${docdir}'
pkgpyexecdir='${pyexecdir}/manatee'
pkgpythondir='${pythondir}/manatee'
prefix='/usr/local'
program_transform_name='s,x,x,'
psdir='${docdir}'
pyexecdir='${PYTHON_EXEC_PREFIX}/local/lib/python3.10/dist-packages'
pythondir='${PYTHON_PREFIX}/local/lib/python3.10/dist-packages'
regexlibs='-lpcre'
runstatedir='${localstatedir}/run'
sbindir='${exec_prefix}/sbin'
sharedstatedir='${prefix}/com'
subdirs=''
subdirs_extra=' hat-trie'
sysconfdir='${prefix}/etc'
target_alias=''

## ----------- ##
## confdefs.h. ##
## ----------- ##

/* confdefs.h */
#define PACKAGE_NAME "manatee"
#define PACKAGE_TARNAME "manatee"
#define PACKAGE_VERSION "open-2.214.1"
#define PACKAGE_STRING "manatee open-2.214.1"
#define PACKAGE_BUGREPORT "pary@fi.muni.cz"
#define PACKAGE_URL ""
#define PACKAGE "manatee"
#define VERSION "open-2.214.1"
#define HAVE_CXX11 1
#define HAVE___BUILTIN_EXPECT 1
#define HAVE___BUILTIN_CLZLL 1
#define HAVE___BUILTIN_CTZLL 1
#define LIKELY(condition) __builtin_expect(static_cast<bool>(condition), 1)
#define UNLIKELY(condition) __builtin_expect(static_cast<bool>(condition), 0)
#define HAVE_STDIO_H 1
#define HAVE_STDLIB_H 1
#define HAVE_STRING_H 1
#define HAVE_INTTYPES_H 1
#define HAVE_STDINT_H 1
#define HAVE_STRINGS_H 1
#define HAVE_SYS_STAT_H 1
#define HAVE_SYS_TYPES_H 1
#define HAVE_UNISTD_H 1
#define STDC_HEADERS 1
#define HAVE_DLFCN_H 1
#define LT_OBJDIR ".libs/"
#define LEXICON_USE_FSA3 1
#define HAVE_PTHREAD 1
#define HAVE_LOCALE_H 1
#define HAVE_STDLIB_H 1
#define HAVE_STRING_H 1
#define HAVE_UNISTD_H 1
#define HAVE_HAT_TRIE_HAT_TRIE_H 1
#define LSTAT_FOLLOWS_SLASHED_SYMLINK 1
#define HAVE_SYS_PARAM_H 1
#define HAVE_GETPAGESIZE 1
#define HAVE_MMAP 1
#define HAVE_MEMMOVE 1
#define HAVE_SETLOCALE 1
#define HAVE_STRCHR 1
#define HAVE_STRDUP 1
#define HAVE_STRERROR 1
#define HAVE_STRPBRK 1
#define HAVE_GETOPT 1
#define HAVE_PYTHON "3.10"
#define USE_PCRE 1
#define VERSION_STR "open-2.214.1"
#define VERSION_STR "open-2.214.1"

configure: exit 0
