This file contains any messages produced by compilers while
running configure, to aid debugging if configure makes a mistake.

It was created by hat-trie configure 0.1.2, which was
generated by GNU Autoconf 2.71.  Invocation command line was

  $ ./configure --prefix=/usr/local --disable-option-checking --with-pcre --with-pic --srcdir=. --cache-file=/dev/null

## --------- ##
## Platform. ##
## --------- ##

hostname = swan
uname -m = x86_64
uname -r = 5.19.0-35-generic
uname -s = Linux
uname -v = #36~22.04.1-Ubuntu SMP PREEMPT_DYNAMIC Fri Feb 17 15:17:25 UTC 2

/usr/bin/uname -p = x86_64
/bin/uname -X     = unknown

/bin/arch              = x86_64
/usr/bin/arch -k       = unknown
/usr/convex/getsysinfo = unknown
/usr/bin/hostinfo      = unknown
/bin/machine           = unknown
/usr/bin/oslevel       = unknown
/bin/universe          = unknown

PATH: /home/tomas/.cargo/bin/
PATH: /home/tomas/.local/bin/
PATH: /usr/local/sbin/
PATH: /usr/local/bin/
PATH: /usr/sbin/
PATH: /usr/bin/
PATH: /sbin/
PATH: /bin/
PATH: /usr/games/
PATH: /usr/local/games/
PATH: /snap/bin/
PATH: /snap/bin/
PATH: /usr/local/go/bin/
PATH: /home/tomas/go/bin/
PATH: /usr/local/go/bin/
PATH: /home/tomas/go/src/github.com/junegunn/fzf/bin/


## ----------- ##
## Core tests. ##
## ----------- ##

configure:2497: looking for aux files: config.guess config.sub ltmain.sh compile missing install-sh
configure:2510:  trying ./
configure:2539:   ./config.guess found
configure:2539:   ./config.sub found
configure:2539:   ./ltmain.sh found
configure:2539:   ./compile found
configure:2539:   ./missing found
configure:2521:   ./install-sh found
configure:2668: checking for a BSD-compatible install
configure:2741: result: /usr/bin/install -c
configure:2752: checking whether build environment is sane
configure:2807: result: yes
configure:2966: checking for a race-free mkdir -p
configure:3010: result: /usr/bin/mkdir -p
configure:3017: checking for gawk
configure:3038: found /usr/bin/gawk
configure:3049: result: gawk
configure:3060: checking whether make sets $(MAKE)
configure:3083: result: yes
configure:3113: checking whether make supports nested variables
configure:3131: result: yes
configure:3279: checking whether make supports nested variables
configure:3297: result: yes
configure:3393: checking for gcc
configure:3414: found /usr/bin/gcc
configure:3425: result: gcc
configure:3778: checking for C compiler version
configure:3787: gcc --version >&5
gcc (Ubuntu 11.3.0-1ubuntu1~22.04) 11.3.0
Copyright (C) 2021 Free Software Foundation, Inc.
This is free software; see the source for copying conditions.  There is NO
warranty; not even for MERCHANTABILITY or FITNESS FOR A PARTICULAR PURPOSE.

configure:3798: $? = 0
configure:3787: gcc -v >&5
Using built-in specs.
COLLECT_GCC=gcc
COLLECT_LTO_WRAPPER=/usr/lib/gcc/x86_64-linux-gnu/11/lto-wrapper
OFFLOAD_TARGET_NAMES=nvptx-none:amdgcn-amdhsa
OFFLOAD_TARGET_DEFAULT=1
Target: x86_64-linux-gnu
Configured with: ../src/configure -v --with-pkgversion='Ubuntu 11.3.0-1ubuntu1~22.04' --with-bugurl=file:///usr/share/doc/gcc-11/README.Bugs --enable-languages=c,ada,c++,go,brig,d,fortran,objc,obj-c++,m2 --prefix=/usr --with-gcc-major-version-only --program-suffix=-11 --program-prefix=x86_64-linux-gnu- --enable-shared --enable-linker-build-id --libexecdir=/usr/lib --without-included-gettext --enable-threads=posix --libdir=/usr/lib --enable-nls --enable-bootstrap --enable-clocale=gnu --enable-libstdcxx-debug --enable-libstdcxx-time=yes --with-default-libstdcxx-abi=new --enable-gnu-unique-object --disable-vtable-verify --enable-plugin --enable-default-pie --with-system-zlib --enable-libphobos-checking=release --with-target-system-zlib=auto --enable-objc-gc=auto --enable-multiarch --disable-werror --enable-cet --with-arch-32=i686 --with-abi=m64 --with-multilib-list=m32,m64,mx32 --enable-multilib --with-tune=generic --enable-offload-targets=nvptx-none=/build/gcc-11-xKiWfi/gcc-11-11.3.0/debian/tmp-nvptx/usr,amdgcn-amdhsa=/build/gcc-11-xKiWfi/gcc-11-11.3.0/debian/tmp-gcn/usr --without-cuda-driver --enable-checking=release --build=x86_64-linux-gnu --host=x86_64-linux-gnu --target=x86_64-linux-gnu --with-build-config=bootstrap-lto-lean --enable-link-serialization=2
Thread model: posix
Supported LTO compression algorithms: zlib zstd
gcc version 11.3.0 (Ubuntu 11.3.0-1ubuntu1~22.04) 
... rest of stderr output deleted ...
configure:3798: $? = 0
configure:3787: gcc -V >&5
gcc: error: unrecognized command-line option '-V'
gcc: fatal error: no input files
compilation terminated.
configure:3798: $? = 1
configure:3787: gcc -qversion >&5
gcc: error: unrecognized command-line option '-qversion'; did you mean '--version'?
gcc: fatal error: no input files
compilation terminated.
configure:3798: $? = 1
configure:3787: gcc -version >&5
gcc: error: unrecognized command-line option '-version'
gcc: fatal error: no input files
compilation terminated.
configure:3798: $? = 1
configure:3818: checking whether the C compiler works
configure:3840: gcc -std=gnu99 -Wall -Wextra -pedantic -O3   conftest.c  >&5
configure:3844: $? = 0
configure:3894: result: yes
configure:3897: checking for C compiler default output file name
configure:3899: result: a.out
configure:3905: checking for suffix of executables
configure:3912: gcc -o conftest -std=gnu99 -Wall -Wextra -pedantic -O3   conftest.c  >&5
configure:3916: $? = 0
configure:3939: result: 
configure:3961: checking whether we are cross compiling
configure:3969: gcc -o conftest -std=gnu99 -Wall -Wextra -pedantic -O3   conftest.c  >&5
configure:3973: $? = 0
configure:3980: ./conftest
configure:3984: $? = 0
configure:3999: result: no
configure:4004: checking for suffix of object files
configure:4027: gcc -c -std=gnu99 -Wall -Wextra -pedantic -O3  conftest.c >&5
configure:4031: $? = 0
configure:4053: result: o
configure:4057: checking whether the compiler supports GNU C
configure:4077: gcc -c -std=gnu99 -Wall -Wextra -pedantic -O3  conftest.c >&5
configure:4077: $? = 0
configure:4087: result: yes
configure:4098: checking whether gcc accepts -g
configure:4119: gcc -c -g  conftest.c >&5
configure:4119: $? = 0
configure:4163: result: yes
configure:4183: checking for gcc option to enable C11 features
configure:4198: gcc  -c -std=gnu99 -Wall -Wextra -pedantic -O3  conftest.c >&5
conftest.c:167:3: error: #error "Compiler does not advertise C11 conformance"
  167 | # error "Compiler does not advertise C11 conformance"
      |   ^~~~~
conftest.c:171:6: warning: ISO C99 does not support '_Alignas' [-Wpedantic]
  171 | char _Alignas (double) aligned_as_double;
      |      ^~~~~~~~
conftest.c:172:6: warning: ISO C99 does not support '_Alignas' [-Wpedantic]
  172 | char _Alignas (0) no_special_alignment;
      |      ^~~~~~~~
conftest.c:174:6: warning: ISO C99 does not support '_Alignas' [-Wpedantic]
  174 | char _Alignas (0) _Alignas (int) aligned_as_int;
      |      ^~~~~~~~
conftest.c:174:19: warning: ISO C99 does not support '_Alignas' [-Wpedantic]
  174 | char _Alignas (0) _Alignas (int) aligned_as_int;
      |                   ^~~~~~~~
conftest.c:179:19: warning: ISO C99 does not support '_Alignof' [-Wpedantic]
  179 |   int_alignment = _Alignof (int),
      |                   ^~~~~~~~
conftest.c:180:25: warning: ISO C99 does not support '_Alignof' [-Wpedantic]
  180 |   int_array_alignment = _Alignof (int[100]),
      |                         ^~~~~~~~
conftest.c:181:20: warning: ISO C99 does not support '_Alignof' [-Wpedantic]
  181 |   char_alignment = _Alignof (char)
      |                    ^~~~~~~~
conftest.c:183:1: warning: ISO C99 does not support '_Static_assert' [-Wpedantic]
  183 | _Static_assert (0 < -_Alignof (int), "_Alignof is signed");
      | ^~~~~~~~~~~~~~
conftest.c:183:22: warning: ISO C99 does not support '_Alignof' [-Wpedantic]
  183 | _Static_assert (0 < -_Alignof (int), "_Alignof is signed");
      |                      ^~~~~~~~
conftest.c:186:1: warning: '_Noreturn' is not at beginning of declaration [-Wold-style-declaration]
  186 | int _Noreturn does_not_return (void) { for (;;) continue; }
      | ^~~
conftest.c:186:15: warning: ISO C99 does not support '_Noreturn' [-Wpedantic]
  186 | int _Noreturn does_not_return (void) { for (;;) continue; }
      |               ^~~~~~~~~~~~~~~
conftest.c:192:3: warning: ISO C99 does not support '_Static_assert' [-Wpedantic]
  192 |   _Static_assert (sizeof (int) <= sizeof (long int),
      |   ^~~~~~~~~~~~~~
conftest.c:203:19: warning: redefinition of typedef 'long_ptr' [-Wpedantic]
  203 | typedef long int *long_ptr;
      |                   ^~~~~~~~
conftest.c:202:15: note: previous declaration of 'long_ptr' with type 'long_ptr' {aka 'long int *'}
  202 | typedef long *long_ptr;
      |               ^~~~~~~~
conftest.c:204:18: warning: redefinition of typedef 'long_ptr' [-Wpedantic]
  204 | typedef long_ptr long_ptr;
      |                  ^~~~~~~~
conftest.c:203:19: note: previous declaration of 'long_ptr' with type 'long_ptr'
  203 | typedef long int *long_ptr;
      |                   ^~~~~~~~
conftest.c:210:29: warning: ISO C99 doesn't support unnamed structs/unions [-Wpedantic]
  210 |     struct { int i; int j; };
      |                             ^
conftest.c:212:4: warning: ISO C99 doesn't support unnamed structs/unions [-Wpedantic]
  212 |   };
      |    ^
conftest.c: In function 'main':
conftest.c:263:3: warning: ISO C99 does not support '_Static_assert' [-Wpedantic]
  263 |   _Static_assert ((offsetof (struct anonymous, i)
      |   ^~~~~~~~~~~~~~
configure:4198: $? = 1
configure: failed program was:
| /* confdefs.h */
| #define PACKAGE_NAME "hat-trie"
| #define PACKAGE_TARNAME "hat-trie"
| #define PACKAGE_VERSION "0.1.2"
| #define PACKAGE_STRING "hat-trie 0.1.2"
| #define PACKAGE_BUGREPORT "dcjones@cs.washington.edu"
| #define PACKAGE_URL ""
| #define PACKAGE "hat-trie"
| #define VERSION "0.1.2"
| /* end confdefs.h.  */
| 
| /* Does the compiler advertise C89 conformance?
|    Do not test the value of __STDC__, because some compilers set it to 0
|    while being otherwise adequately conformant. */
| #if !defined __STDC__
| # error "Compiler does not advertise C89 conformance"
| #endif
| 
| #include <stddef.h>
| #include <stdarg.h>
| struct stat;
| /* Most of the following tests are stolen from RCS 5.7 src/conf.sh.  */
| struct buf { int x; };
| struct buf * (*rcsopen) (struct buf *, struct stat *, int);
| static char *e (p, i)
|      char **p;
|      int i;
| {
|   return p[i];
| }
| static char *f (char * (*g) (char **, int), char **p, ...)
| {
|   char *s;
|   va_list v;
|   va_start (v,p);
|   s = g (p, va_arg (v,int));
|   va_end (v);
|   return s;
| }
| 
| /* OSF 4.0 Compaq cc is some sort of almost-ANSI by default.  It has
|    function prototypes and stuff, but not \xHH hex character constants.
|    These do not provoke an error unfortunately, instead are silently treated
|    as an "x".  The following induces an error, until -std is added to get
|    proper ANSI mode.  Curiously \x00 != x always comes out true, for an
|    array size at least.  It is necessary to write \x00 == 0 to get something
|    that is true only with -std.  */
| int osf4_cc_array ['\x00' == 0 ? 1 : -1];
| 
| /* IBM C 6 for AIX is almost-ANSI by default, but it replaces macro parameters
|    inside strings and character constants.  */
| #define FOO(x) 'x'
| int xlc6_cc_array[FOO(a) == 'x' ? 1 : -1];
| 
| int test (int i, double x);
| struct s1 {int (*f) (int a);};
| struct s2 {int (*f) (double a);};
| int pairnames (int, char **, int *(*)(struct buf *, struct stat *, int),
|                int, int);
| 
| // Does the compiler advertise C99 conformance?
| #if !defined __STDC_VERSION__ || __STDC_VERSION__ < 199901L
| # error "Compiler does not advertise C99 conformance"
| #endif
| 
| #include <stdbool.h>
| extern int puts (const char *);
| extern int printf (const char *, ...);
| extern int dprintf (int, const char *, ...);
| extern void *malloc (size_t);
| 
| // Check varargs macros.  These examples are taken from C99 6.10.3.5.
| // dprintf is used instead of fprintf to avoid needing to declare
| // FILE and stderr.
| #define debug(...) dprintf (2, __VA_ARGS__)
| #define showlist(...) puts (#__VA_ARGS__)
| #define report(test,...) ((test) ? puts (#test) : printf (__VA_ARGS__))
| static void
| test_varargs_macros (void)
| {
|   int x = 1234;
|   int y = 5678;
|   debug ("Flag");
|   debug ("X = %d\n", x);
|   showlist (The first, second, and third items.);
|   report (x>y, "x is %d but y is %d", x, y);
| }
| 
| // Check long long types.
| #define BIG64 18446744073709551615ull
| #define BIG32 4294967295ul
| #define BIG_OK (BIG64 / BIG32 == 4294967297ull && BIG64 % BIG32 == 0)
| #if !BIG_OK
|   #error "your preprocessor is broken"
| #endif
| #if BIG_OK
| #else
|   #error "your preprocessor is broken"
| #endif
| static long long int bignum = -9223372036854775807LL;
| static unsigned long long int ubignum = BIG64;
| 
| struct incomplete_array
| {
|   int datasize;
|   double data[];
| };
| 
| struct named_init {
|   int number;
|   const wchar_t *name;
|   double average;
| };
| 
| typedef const char *ccp;
| 
| static inline int
| test_restrict (ccp restrict text)
| {
|   // See if C++-style comments work.
|   // Iterate through items via the restricted pointer.
|   // Also check for declarations in for loops.
|   for (unsigned int i = 0; *(text+i) != '\0'; ++i)
|     continue;
|   return 0;
| }
| 
| // Check varargs and va_copy.
| static bool
| test_varargs (const char *format, ...)
| {
|   va_list args;
|   va_start (args, format);
|   va_list args_copy;
|   va_copy (args_copy, args);
| 
|   const char *str = "";
|   int number = 0;
|   float fnumber = 0;
| 
|   while (*format)
|     {
|       switch (*format++)
| 	{
| 	case 's': // string
| 	  str = va_arg (args_copy, const char *);
| 	  break;
| 	case 'd': // int
| 	  number = va_arg (args_copy, int);
| 	  break;
| 	case 'f': // float
| 	  fnumber = va_arg (args_copy, double);
| 	  break;
| 	default:
| 	  break;
| 	}
|     }
|   va_end (args_copy);
|   va_end (args);
| 
|   return *str && number && fnumber;
| }
| 
| 
| // Does the compiler advertise C11 conformance?
| #if !defined __STDC_VERSION__ || __STDC_VERSION__ < 201112L
| # error "Compiler does not advertise C11 conformance"
| #endif
| 
| // Check _Alignas.
| char _Alignas (double) aligned_as_double;
| char _Alignas (0) no_special_alignment;
| extern char aligned_as_int;
| char _Alignas (0) _Alignas (int) aligned_as_int;
| 
| // Check _Alignof.
| enum
| {
|   int_alignment = _Alignof (int),
|   int_array_alignment = _Alignof (int[100]),
|   char_alignment = _Alignof (char)
| };
| _Static_assert (0 < -_Alignof (int), "_Alignof is signed");
| 
| // Check _Noreturn.
| int _Noreturn does_not_return (void) { for (;;) continue; }
| 
| // Check _Static_assert.
| struct test_static_assert
| {
|   int x;
|   _Static_assert (sizeof (int) <= sizeof (long int),
|                   "_Static_assert does not work in struct");
|   long int y;
| };
| 
| // Check UTF-8 literals.
| #define u8 syntax error!
| char const utf8_literal[] = u8"happens to be ASCII" "another string";
| 
| // Check duplicate typedefs.
| typedef long *long_ptr;
| typedef long int *long_ptr;
| typedef long_ptr long_ptr;
| 
| // Anonymous structures and unions -- taken from C11 6.7.2.1 Example 1.
| struct anonymous
| {
|   union {
|     struct { int i; int j; };
|     struct { int k; long int l; } w;
|   };
|   int m;
| } v1;
| 
| 
| int
| main (int argc, char **argv)
| {
|   int ok = 0;
|   
| ok |= (argc == 0 || f (e, argv, 0) != argv[0] || f (e, argv, 1) != argv[1]);
| 
|   
|   // Check bool.
|   _Bool success = false;
|   success |= (argc != 0);
| 
|   // Check restrict.
|   if (test_restrict ("String literal") == 0)
|     success = true;
|   char *restrict newvar = "Another string";
| 
|   // Check varargs.
|   success &= test_varargs ("s, d' f .", "string", 65, 34.234);
|   test_varargs_macros ();
| 
|   // Check flexible array members.
|   struct incomplete_array *ia =
|     malloc (sizeof (struct incomplete_array) + (sizeof (double) * 10));
|   ia->datasize = 10;
|   for (int i = 0; i < ia->datasize; ++i)
|     ia->data[i] = i * 1.234;
| 
|   // Check named initializers.
|   struct named_init ni = {
|     .number = 34,
|     .name = L"Test wide string",
|     .average = 543.34343,
|   };
| 
|   ni.number = 58;
| 
|   int dynamic_array[ni.number];
|   dynamic_array[0] = argv[0][0];
|   dynamic_array[ni.number - 1] = 543;
| 
|   // work around unused variable warnings
|   ok |= (!success || bignum == 0LL || ubignum == 0uLL || newvar[0] == 'x'
| 	 || dynamic_array[ni.number - 1] != 543);
| 
|   
|   _Static_assert ((offsetof (struct anonymous, i)
| 		   == offsetof (struct anonymous, w.k)),
| 		  "Anonymous union alignment botch");
|   v1.i = 2;
|   v1.w.k = 5;
|   ok |= v1.i != 5;
| 
|   return ok;
| }
| 
configure:4198: gcc -std=gnu11 -c -std=gnu99 -Wall -Wextra -pedantic -O3  conftest.c >&5
conftest.c:167:3: error: #error "Compiler does not advertise C11 conformance"
  167 | # error "Compiler does not advertise C11 conformance"
      |   ^~~~~
conftest.c:171:6: warning: ISO C99 does not support '_Alignas' [-Wpedantic]
  171 | char _Alignas (double) aligned_as_double;
      |      ^~~~~~~~
conftest.c:172:6: warning: ISO C99 does not support '_Alignas' [-Wpedantic]
  172 | char _Alignas (0) no_special_alignment;
      |      ^~~~~~~~
conftest.c:174:6: warning: ISO C99 does not support '_Alignas' [-Wpedantic]
  174 | char _Alignas (0) _Alignas (int) aligned_as_int;
      |      ^~~~~~~~
conftest.c:174:19: warning: ISO C99 does not support '_Alignas' [-Wpedantic]
  174 | char _Alignas (0) _Alignas (int) aligned_as_int;
      |                   ^~~~~~~~
conftest.c:179:19: warning: ISO C99 does not support '_Alignof' [-Wpedantic]
  179 |   int_alignment = _Alignof (int),
      |                   ^~~~~~~~
conftest.c:180:25: warning: ISO C99 does not support '_Alignof' [-Wpedantic]
  180 |   int_array_alignment = _Alignof (int[100]),
      |                         ^~~~~~~~
conftest.c:181:20: warning: ISO C99 does not support '_Alignof' [-Wpedantic]
  181 |   char_alignment = _Alignof (char)
      |                    ^~~~~~~~
conftest.c:183:1: warning: ISO C99 does not support '_Static_assert' [-Wpedantic]
  183 | _Static_assert (0 < -_Alignof (int), "_Alignof is signed");
      | ^~~~~~~~~~~~~~
conftest.c:183:22: warning: ISO C99 does not support '_Alignof' [-Wpedantic]
  183 | _Static_assert (0 < -_Alignof (int), "_Alignof is signed");
      |                      ^~~~~~~~
conftest.c:186:1: warning: '_Noreturn' is not at beginning of declaration [-Wold-style-declaration]
  186 | int _Noreturn does_not_return (void) { for (;;) continue; }
      | ^~~
conftest.c:186:15: warning: ISO C99 does not support '_Noreturn' [-Wpedantic]
  186 | int _Noreturn does_not_return (void) { for (;;) continue; }
      |               ^~~~~~~~~~~~~~~
conftest.c:192:3: warning: ISO C99 does not support '_Static_assert' [-Wpedantic]
  192 |   _Static_assert (sizeof (int) <= sizeof (long int),
      |   ^~~~~~~~~~~~~~
conftest.c:203:19: warning: redefinition of typedef 'long_ptr' [-Wpedantic]
  203 | typedef long int *long_ptr;
      |                   ^~~~~~~~
conftest.c:202:15: note: previous declaration of 'long_ptr' with type 'long_ptr' {aka 'long int *'}
  202 | typedef long *long_ptr;
      |               ^~~~~~~~
conftest.c:204:18: warning: redefinition of typedef 'long_ptr' [-Wpedantic]
  204 | typedef long_ptr long_ptr;
      |                  ^~~~~~~~
conftest.c:203:19: note: previous declaration of 'long_ptr' with type 'long_ptr'
  203 | typedef long int *long_ptr;
      |                   ^~~~~~~~
conftest.c:210:29: warning: ISO C99 doesn't support unnamed structs/unions [-Wpedantic]
  210 |     struct { int i; int j; };
      |                             ^
conftest.c:212:4: warning: ISO C99 doesn't support unnamed structs/unions [-Wpedantic]
  212 |   };
      |    ^
conftest.c: In function 'main':
conftest.c:263:3: warning: ISO C99 does not support '_Static_assert' [-Wpedantic]
  263 |   _Static_assert ((offsetof (struct anonymous, i)
      |   ^~~~~~~~~~~~~~
configure:4198: $? = 1
configure: failed program was:
| /* confdefs.h */
| #define PACKAGE_NAME "hat-trie"
| #define PACKAGE_TARNAME "hat-trie"
| #define PACKAGE_VERSION "0.1.2"
| #define PACKAGE_STRING "hat-trie 0.1.2"
| #define PACKAGE_BUGREPORT "dcjones@cs.washington.edu"
| #define PACKAGE_URL ""
| #define PACKAGE "hat-trie"
| #define VERSION "0.1.2"
| /* end confdefs.h.  */
| 
| /* Does the compiler advertise C89 conformance?
|    Do not test the value of __STDC__, because some compilers set it to 0
|    while being otherwise adequately conformant. */
| #if !defined __STDC__
| # error "Compiler does not advertise C89 conformance"
| #endif
| 
| #include <stddef.h>
| #include <stdarg.h>
| struct stat;
| /* Most of the following tests are stolen from RCS 5.7 src/conf.sh.  */
| struct buf { int x; };
| struct buf * (*rcsopen) (struct buf *, struct stat *, int);
| static char *e (p, i)
|      char **p;
|      int i;
| {
|   return p[i];
| }
| static char *f (char * (*g) (char **, int), char **p, ...)
| {
|   char *s;
|   va_list v;
|   va_start (v,p);
|   s = g (p, va_arg (v,int));
|   va_end (v);
|   return s;
| }
| 
| /* OSF 4.0 Compaq cc is some sort of almost-ANSI by default.  It has
|    function prototypes and stuff, but not \xHH hex character constants.
|    These do not provoke an error unfortunately, instead are silently treated
|    as an "x".  The following induces an error, until -std is added to get
|    proper ANSI mode.  Curiously \x00 != x always comes out true, for an
|    array size at least.  It is necessary to write \x00 == 0 to get something
|    that is true only with -std.  */
| int osf4_cc_array ['\x00' == 0 ? 1 : -1];
| 
| /* IBM C 6 for AIX is almost-ANSI by default, but it replaces macro parameters
|    inside strings and character constants.  */
| #define FOO(x) 'x'
| int xlc6_cc_array[FOO(a) == 'x' ? 1 : -1];
| 
| int test (int i, double x);
| struct s1 {int (*f) (int a);};
| struct s2 {int (*f) (double a);};
| int pairnames (int, char **, int *(*)(struct buf *, struct stat *, int),
|                int, int);
| 
| // Does the compiler advertise C99 conformance?
| #if !defined __STDC_VERSION__ || __STDC_VERSION__ < 199901L
| # error "Compiler does not advertise C99 conformance"
| #endif
| 
| #include <stdbool.h>
| extern int puts (const char *);
| extern int printf (const char *, ...);
| extern int dprintf (int, const char *, ...);
| extern void *malloc (size_t);
| 
| // Check varargs macros.  These examples are taken from C99 6.10.3.5.
| // dprintf is used instead of fprintf to avoid needing to declare
| // FILE and stderr.
| #define debug(...) dprintf (2, __VA_ARGS__)
| #define showlist(...) puts (#__VA_ARGS__)
| #define report(test,...) ((test) ? puts (#test) : printf (__VA_ARGS__))
| static void
| test_varargs_macros (void)
| {
|   int x = 1234;
|   int y = 5678;
|   debug ("Flag");
|   debug ("X = %d\n", x);
|   showlist (The first, second, and third items.);
|   report (x>y, "x is %d but y is %d", x, y);
| }
| 
| // Check long long types.
| #define BIG64 18446744073709551615ull
| #define BIG32 4294967295ul
| #define BIG_OK (BIG64 / BIG32 == 4294967297ull && BIG64 % BIG32 == 0)
| #if !BIG_OK
|   #error "your preprocessor is broken"
| #endif
| #if BIG_OK
| #else
|   #error "your preprocessor is broken"
| #endif
| static long long int bignum = -9223372036854775807LL;
| static unsigned long long int ubignum = BIG64;
| 
| struct incomplete_array
| {
|   int datasize;
|   double data[];
| };
| 
| struct named_init {
|   int number;
|   const wchar_t *name;
|   double average;
| };
| 
| typedef const char *ccp;
| 
| static inline int
| test_restrict (ccp restrict text)
| {
|   // See if C++-style comments work.
|   // Iterate through items via the restricted pointer.
|   // Also check for declarations in for loops.
|   for (unsigned int i = 0; *(text+i) != '\0'; ++i)
|     continue;
|   return 0;
| }
| 
| // Check varargs and va_copy.
| static bool
| test_varargs (const char *format, ...)
| {
|   va_list args;
|   va_start (args, format);
|   va_list args_copy;
|   va_copy (args_copy, args);
| 
|   const char *str = "";
|   int number = 0;
|   float fnumber = 0;
| 
|   while (*format)
|     {
|       switch (*format++)
| 	{
| 	case 's': // string
| 	  str = va_arg (args_copy, const char *);
| 	  break;
| 	case 'd': // int
| 	  number = va_arg (args_copy, int);
| 	  break;
| 	case 'f': // float
| 	  fnumber = va_arg (args_copy, double);
| 	  break;
| 	default:
| 	  break;
| 	}
|     }
|   va_end (args_copy);
|   va_end (args);
| 
|   return *str && number && fnumber;
| }
| 
| 
| // Does the compiler advertise C11 conformance?
| #if !defined __STDC_VERSION__ || __STDC_VERSION__ < 201112L
| # error "Compiler does not advertise C11 conformance"
| #endif
| 
| // Check _Alignas.
| char _Alignas (double) aligned_as_double;
| char _Alignas (0) no_special_alignment;
| extern char aligned_as_int;
| char _Alignas (0) _Alignas (int) aligned_as_int;
| 
| // Check _Alignof.
| enum
| {
|   int_alignment = _Alignof (int),
|   int_array_alignment = _Alignof (int[100]),
|   char_alignment = _Alignof (char)
| };
| _Static_assert (0 < -_Alignof (int), "_Alignof is signed");
| 
| // Check _Noreturn.
| int _Noreturn does_not_return (void) { for (;;) continue; }
| 
| // Check _Static_assert.
| struct test_static_assert
| {
|   int x;
|   _Static_assert (sizeof (int) <= sizeof (long int),
|                   "_Static_assert does not work in struct");
|   long int y;
| };
| 
| // Check UTF-8 literals.
| #define u8 syntax error!
| char const utf8_literal[] = u8"happens to be ASCII" "another string";
| 
| // Check duplicate typedefs.
| typedef long *long_ptr;
| typedef long int *long_ptr;
| typedef long_ptr long_ptr;
| 
| // Anonymous structures and unions -- taken from C11 6.7.2.1 Example 1.
| struct anonymous
| {
|   union {
|     struct { int i; int j; };
|     struct { int k; long int l; } w;
|   };
|   int m;
| } v1;
| 
| 
| int
| main (int argc, char **argv)
| {
|   int ok = 0;
|   
| ok |= (argc == 0 || f (e, argv, 0) != argv[0] || f (e, argv, 1) != argv[1]);
| 
|   
|   // Check bool.
|   _Bool success = false;
|   success |= (argc != 0);
| 
|   // Check restrict.
|   if (test_restrict ("String literal") == 0)
|     success = true;
|   char *restrict newvar = "Another string";
| 
|   // Check varargs.
|   success &= test_varargs ("s, d' f .", "string", 65, 34.234);
|   test_varargs_macros ();
| 
|   // Check flexible array members.
|   struct incomplete_array *ia =
|     malloc (sizeof (struct incomplete_array) + (sizeof (double) * 10));
|   ia->datasize = 10;
|   for (int i = 0; i < ia->datasize; ++i)
|     ia->data[i] = i * 1.234;
| 
|   // Check named initializers.
|   struct named_init ni = {
|     .number = 34,
|     .name = L"Test wide string",
|     .average = 543.34343,
|   };
| 
|   ni.number = 58;
| 
|   int dynamic_array[ni.number];
|   dynamic_array[0] = argv[0][0];
|   dynamic_array[ni.number - 1] = 543;
| 
|   // work around unused variable warnings
|   ok |= (!success || bignum == 0LL || ubignum == 0uLL || newvar[0] == 'x'
| 	 || dynamic_array[ni.number - 1] != 543);
| 
|   
|   _Static_assert ((offsetof (struct anonymous, i)
| 		   == offsetof (struct anonymous, w.k)),
| 		  "Anonymous union alignment botch");
|   v1.i = 2;
|   v1.w.k = 5;
|   ok |= v1.i != 5;
| 
|   return ok;
| }
| 
configure:4211: result: unsupported
configure:4229: checking for gcc option to enable C99 features
configure:4244: gcc  -c -std=gnu99 -Wall -Wextra -pedantic -O3  conftest.c >&5
configure:4244: $? = 0
configure:4262: result: none needed
configure:4332: checking whether gcc understands -c and -o together
configure:4355: gcc -c conftest.c -o conftest2.o
configure:4358: $? = 0
configure:4355: gcc -c conftest.c -o conftest2.o
configure:4358: $? = 0
configure:4370: result: yes
configure:4390: checking whether make supports the include directive
configure:4405: make -f confmf.GNU && cat confinc.out
this is the am__doit target
configure:4408: $? = 0
configure:4427: result: yes (GNU style)
configure:4453: checking dependency style of gcc
configure:4565: result: gcc3
configure:4585: checking how to run the C preprocessor
configure:4611: gcc -E  conftest.c
configure:4611: $? = 0
configure:4626: gcc -E  conftest.c
conftest.c:11:10: fatal error: ac_nonexistent.h: No such file or directory
   11 | #include <ac_nonexistent.h>
      |          ^~~~~~~~~~~~~~~~~~
compilation terminated.
configure:4626: $? = 1
configure: failed program was:
| /* confdefs.h */
| #define PACKAGE_NAME "hat-trie"
| #define PACKAGE_TARNAME "hat-trie"
| #define PACKAGE_VERSION "0.1.2"
| #define PACKAGE_STRING "hat-trie 0.1.2"
| #define PACKAGE_BUGREPORT "dcjones@cs.washington.edu"
| #define PACKAGE_URL ""
| #define PACKAGE "hat-trie"
| #define VERSION "0.1.2"
| /* end confdefs.h.  */
| #include <ac_nonexistent.h>
configure:4653: result: gcc -E
configure:4667: gcc -E  conftest.c
configure:4667: $? = 0
configure:4682: gcc -E  conftest.c
conftest.c:11:10: fatal error: ac_nonexistent.h: No such file or directory
   11 | #include <ac_nonexistent.h>
      |          ^~~~~~~~~~~~~~~~~~
compilation terminated.
configure:4682: $? = 1
configure: failed program was:
| /* confdefs.h */
| #define PACKAGE_NAME "hat-trie"
| #define PACKAGE_TARNAME "hat-trie"
| #define PACKAGE_VERSION "0.1.2"
| #define PACKAGE_STRING "hat-trie 0.1.2"
| #define PACKAGE_BUGREPORT "dcjones@cs.washington.edu"
| #define PACKAGE_URL ""
| #define PACKAGE "hat-trie"
| #define VERSION "0.1.2"
| /* end confdefs.h.  */
| #include <ac_nonexistent.h>
configure:4713: checking whether ln -s works
configure:4717: result: yes
configure:4724: checking whether make sets $(MAKE)
configure:4747: result: yes
configure:4820: checking build system type
configure:4835: result: x86_64-pc-linux-gnu
configure:4855: checking host system type
configure:4869: result: x86_64-pc-linux-gnu
configure:4910: checking how to print strings
configure:4937: result: printf
configure:4958: checking for a sed that does not truncate output
configure:5028: result: /usr/bin/sed
configure:5046: checking for grep that handles long lines and -e
configure:5110: result: /usr/bin/grep
configure:5115: checking for egrep
configure:5183: result: /usr/bin/grep -E
configure:5188: checking for fgrep
configure:5256: result: /usr/bin/grep -F
configure:5292: checking for ld used by gcc
configure:5360: result: /usr/bin/ld
configure:5367: checking if the linker (/usr/bin/ld) is GNU ld
configure:5383: result: yes
configure:5395: checking for BSD- or MS-compatible name lister (nm)
configure:5450: result: /usr/bin/nm -B
configure:5590: checking the name lister (/usr/bin/nm -B) interface
configure:5598: gcc -c -std=gnu99 -Wall -Wextra -pedantic -O3  conftest.c >&5
configure:5601: /usr/bin/nm -B "conftest.o"
configure:5604: output
0000000000000000 B some_variable
configure:5611: result: BSD nm
configure:5615: checking the maximum length of command line arguments
configure:5747: result: 1572864
configure:5795: checking how to convert x86_64-pc-linux-gnu file names to x86_64-pc-linux-gnu format
configure:5836: result: func_convert_file_noop
configure:5843: checking how to convert x86_64-pc-linux-gnu file names to toolchain format
configure:5864: result: func_convert_file_noop
configure:5871: checking for /usr/bin/ld option to reload object files
configure:5879: result: -r
configure:5958: checking for file
configure:5979: found /usr/bin/file
configure:5990: result: file
configure:6066: checking for objdump
configure:6087: found /usr/bin/objdump
configure:6098: result: objdump
configure:6130: checking how to recognize dependent libraries
configure:6331: result: pass_all
configure:6421: checking for dlltool
configure:6456: result: no
configure:6486: checking how to associate runtime and link libraries
configure:6514: result: printf %s\n
configure:6580: checking for ar
configure:6601: found /usr/bin/ar
configure:6612: result: ar
configure:6665: checking for archiver @FILE support
configure:6683: gcc -c -std=gnu99 -Wall -Wextra -pedantic -O3  conftest.c >&5
configure:6683: $? = 0
configure:6687: ar cr libconftest.a @conftest.lst >&5
configure:6690: $? = 0
configure:6695: ar cr libconftest.a @conftest.lst >&5
ar: conftest.o: No such file or directory
configure:6698: $? = 1
configure:6710: result: @
configure:6773: checking for strip
configure:6794: found /usr/bin/strip
configure:6805: result: strip
configure:6882: checking for ranlib
configure:6903: found /usr/bin/ranlib
configure:6914: result: ranlib
configure:7016: checking command to parse /usr/bin/nm -B output from gcc object
configure:7170: gcc -c -std=gnu99 -Wall -Wextra -pedantic -O3  conftest.c >&5
configure:7173: $? = 0
configure:7177: /usr/bin/nm -B conftest.o \| /usr/bin/sed -n -e 's/^.*[ ]\([ABCDGIRSTW][ABCDGIRSTW]*\)[ ][ ]*\([_A-Za-z][_A-Za-z0-9]*\)$/\1 \2 \2/p' | /usr/bin/sed '/ __gnu_lto/d' \> conftest.nm
configure:7180: $? = 0
configure:7246: gcc -o conftest -std=gnu99 -Wall -Wextra -pedantic -O3   conftest.c conftstm.o >&5
conftest.c:29:20: warning: ISO C forbids conversion of function pointer to object pointer type [-Wpedantic]
   29 |   {"nm_test_func", (void *) &nm_test_func},
      |                    ^
configure:7249: $? = 0
configure:7287: result: ok
configure:7334: checking for sysroot
configure:7365: result: no
configure:7372: checking for a working dd
configure:7416: result: /usr/bin/dd
configure:7420: checking how to truncate binary pipes
configure:7436: result: /usr/bin/dd bs=4096 count=1
configure:7573: gcc -c -std=gnu99 -Wall -Wextra -pedantic -O3  conftest.c >&5
configure:7576: $? = 0
configure:7773: checking for mt
configure:7794: found /usr/bin/mt
configure:7805: result: mt
configure:7828: checking if mt is a manifest tool
configure:7835: mt '-?'
configure:7843: result: no
configure:8568: checking for stdio.h
configure:8568: gcc -c -std=gnu99 -Wall -Wextra -pedantic -O3  conftest.c >&5
configure:8568: $? = 0
configure:8568: result: yes
configure:8568: checking for stdlib.h
configure:8568: gcc -c -std=gnu99 -Wall -Wextra -pedantic -O3  conftest.c >&5
configure:8568: $? = 0
configure:8568: result: yes
configure:8568: checking for string.h
configure:8568: gcc -c -std=gnu99 -Wall -Wextra -pedantic -O3  conftest.c >&5
configure:8568: $? = 0
configure:8568: result: yes
configure:8568: checking for inttypes.h
configure:8568: gcc -c -std=gnu99 -Wall -Wextra -pedantic -O3  conftest.c >&5
configure:8568: $? = 0
configure:8568: result: yes
configure:8568: checking for stdint.h
configure:8568: gcc -c -std=gnu99 -Wall -Wextra -pedantic -O3  conftest.c >&5
configure:8568: $? = 0
configure:8568: result: yes
configure:8568: checking for strings.h
configure:8568: gcc -c -std=gnu99 -Wall -Wextra -pedantic -O3  conftest.c >&5
configure:8568: $? = 0
configure:8568: result: yes
configure:8568: checking for sys/stat.h
configure:8568: gcc -c -std=gnu99 -Wall -Wextra -pedantic -O3  conftest.c >&5
configure:8568: $? = 0
configure:8568: result: yes
configure:8568: checking for sys/types.h
configure:8568: gcc -c -std=gnu99 -Wall -Wextra -pedantic -O3  conftest.c >&5
configure:8568: $? = 0
configure:8568: result: yes
configure:8568: checking for unistd.h
configure:8568: gcc -c -std=gnu99 -Wall -Wextra -pedantic -O3  conftest.c >&5
configure:8568: $? = 0
configure:8568: result: yes
configure:8593: checking for dlfcn.h
configure:8593: gcc -c -std=gnu99 -Wall -Wextra -pedantic -O3  conftest.c >&5
configure:8593: $? = 0
configure:8593: result: yes
configure:8821: checking for objdir
configure:8837: result: .libs
configure:9101: checking if gcc supports -fno-rtti -fno-exceptions
configure:9120: gcc -c -std=gnu99 -Wall -Wextra -pedantic -O3  -fno-rtti -fno-exceptions conftest.c >&5
cc1: warning: command-line option '-fno-rtti' is valid for C++/D/ObjC++ but not for C
configure:9124: $? = 0
configure:9137: result: no
configure:9495: checking for gcc option to produce PIC
configure:9503: result: -fPIC -DPIC
configure:9511: checking if gcc PIC flag -fPIC -DPIC works
configure:9530: gcc -c -std=gnu99 -Wall -Wextra -pedantic -O3  -fPIC -DPIC -DPIC conftest.c >&5
configure:9534: $? = 0
configure:9547: result: yes
configure:9576: checking if gcc static flag -static works
configure:9605: result: yes
configure:9620: checking if gcc supports -c -o file.o
configure:9642: gcc -c -std=gnu99 -Wall -Wextra -pedantic -O3  -o out/conftest2.o conftest.c >&5
configure:9646: $? = 0
configure:9668: result: yes
configure:9676: checking if gcc supports -c -o file.o
configure:9724: result: yes
configure:9757: checking whether the gcc linker (/usr/bin/ld -m elf_x86_64) supports shared libraries
configure:11025: result: yes
configure:11266: checking dynamic linker characteristics
configure:11848: gcc -o conftest -std=gnu99 -Wall -Wextra -pedantic -O3   -Wl,-rpath -Wl,/foo conftest.c  >&5
configure:11848: $? = 0
configure:12090: result: GNU/Linux ld.so
configure:12212: checking how to hardcode library paths into programs
configure:12237: result: immediate
configure:12789: checking whether stripping libraries is possible
configure:12798: result: yes
configure:12840: checking if libtool supports shared libraries
configure:12842: result: yes
configure:12845: checking whether to build shared libraries
configure:12870: result: no
configure:12873: checking whether to build static libraries
configure:12877: result: yes
configure:12915: checking whether byte ordering is bigendian
configure:12931: gcc -c -std=gnu99 -Wall -Wextra -pedantic -O3  conftest.c >&5
conftest.c:24:16: error: unknown type name 'not'
   24 |                not a universal capable compiler
      |                ^~~
conftest.c:24:22: error: expected '=', ',', ';', 'asm' or '__attribute__' before 'universal'
   24 |                not a universal capable compiler
      |                      ^~~~~~~~~
conftest.c:24:22: error: unknown type name 'universal'
configure:12931: $? = 1
configure: failed program was:
| /* confdefs.h */
| #define PACKAGE_NAME "hat-trie"
| #define PACKAGE_TARNAME "hat-trie"
| #define PACKAGE_VERSION "0.1.2"
| #define PACKAGE_STRING "hat-trie 0.1.2"
| #define PACKAGE_BUGREPORT "dcjones@cs.washington.edu"
| #define PACKAGE_URL ""
| #define PACKAGE "hat-trie"
| #define VERSION "0.1.2"
| #define HAVE_STDIO_H 1
| #define HAVE_STDLIB_H 1
| #define HAVE_STRING_H 1
| #define HAVE_INTTYPES_H 1
| #define HAVE_STDINT_H 1
| #define HAVE_STRINGS_H 1
| #define HAVE_SYS_STAT_H 1
| #define HAVE_SYS_TYPES_H 1
| #define HAVE_UNISTD_H 1
| #define STDC_HEADERS 1
| #define HAVE_DLFCN_H 1
| #define LT_OBJDIR ".libs/"
| /* end confdefs.h.  */
| #ifndef __APPLE_CC__
| 	       not a universal capable compiler
| 	     #endif
| 	     typedef int dummy;
| 
configure:12977: gcc -c -std=gnu99 -Wall -Wextra -pedantic -O3  conftest.c >&5
configure:12977: $? = 0
configure:12996: gcc -c -std=gnu99 -Wall -Wextra -pedantic -O3  conftest.c >&5
conftest.c: In function 'main':
conftest.c:30:18: error: unknown type name 'not'; did you mean 'ino_t'?
   30 |                  not big endian
      |                  ^~~
      |                  ino_t
conftest.c:30:26: error: expected '=', ',', ';', 'asm' or '__attribute__' before 'endian'
   30 |                  not big endian
      |                          ^~~~~~
configure:12996: $? = 1
configure: failed program was:
| /* confdefs.h */
| #define PACKAGE_NAME "hat-trie"
| #define PACKAGE_TARNAME "hat-trie"
| #define PACKAGE_VERSION "0.1.2"
| #define PACKAGE_STRING "hat-trie 0.1.2"
| #define PACKAGE_BUGREPORT "dcjones@cs.washington.edu"
| #define PACKAGE_URL ""
| #define PACKAGE "hat-trie"
| #define VERSION "0.1.2"
| #define HAVE_STDIO_H 1
| #define HAVE_STDLIB_H 1
| #define HAVE_STRING_H 1
| #define HAVE_INTTYPES_H 1
| #define HAVE_STDINT_H 1
| #define HAVE_STRINGS_H 1
| #define HAVE_SYS_STAT_H 1
| #define HAVE_SYS_TYPES_H 1
| #define HAVE_UNISTD_H 1
| #define STDC_HEADERS 1
| #define HAVE_DLFCN_H 1
| #define LT_OBJDIR ".libs/"
| /* end confdefs.h.  */
| #include <sys/types.h>
| 		#include <sys/param.h>
| 
| int
| main (void)
| {
| #if BYTE_ORDER != BIG_ENDIAN
| 		 not big endian
| 		#endif
| 
|   ;
|   return 0;
| }
configure:13130: result: no
configure:13147: checking for _Bool
configure:13147: gcc -c -std=gnu99 -Wall -Wextra -pedantic -O3  conftest.c >&5
configure:13147: $? = 0
configure:13147: gcc -c -std=gnu99 -Wall -Wextra -pedantic -O3  conftest.c >&5
conftest.c: In function 'main':
conftest.c:54:20: error: expected expression before ')' token
   54 | if (sizeof ((_Bool)))
      |                    ^
configure:13147: $? = 1
configure: failed program was:
| /* confdefs.h */
| #define PACKAGE_NAME "hat-trie"
| #define PACKAGE_TARNAME "hat-trie"
| #define PACKAGE_VERSION "0.1.2"
| #define PACKAGE_STRING "hat-trie 0.1.2"
| #define PACKAGE_BUGREPORT "dcjones@cs.washington.edu"
| #define PACKAGE_URL ""
| #define PACKAGE "hat-trie"
| #define VERSION "0.1.2"
| #define HAVE_STDIO_H 1
| #define HAVE_STDLIB_H 1
| #define HAVE_STRING_H 1
| #define HAVE_INTTYPES_H 1
| #define HAVE_STDINT_H 1
| #define HAVE_STRINGS_H 1
| #define HAVE_SYS_STAT_H 1
| #define HAVE_SYS_TYPES_H 1
| #define HAVE_UNISTD_H 1
| #define STDC_HEADERS 1
| #define HAVE_DLFCN_H 1
| #define LT_OBJDIR ".libs/"
| /* end confdefs.h.  */
| #include <stddef.h>
| #ifdef HAVE_STDIO_H
| # include <stdio.h>
| #endif
| #ifdef HAVE_STDLIB_H
| # include <stdlib.h>
| #endif
| #ifdef HAVE_STRING_H
| # include <string.h>
| #endif
| #ifdef HAVE_INTTYPES_H
| # include <inttypes.h>
| #endif
| #ifdef HAVE_STDINT_H
| # include <stdint.h>
| #endif
| #ifdef HAVE_STRINGS_H
| # include <strings.h>
| #endif
| #ifdef HAVE_SYS_TYPES_H
| # include <sys/types.h>
| #endif
| #ifdef HAVE_SYS_STAT_H
| # include <sys/stat.h>
| #endif
| #ifdef HAVE_UNISTD_H
| # include <unistd.h>
| #endif
| int
| main (void)
| {
| if (sizeof ((_Bool)))
| 	    return 0;
|   ;
|   return 0;
| }
configure:13147: result: yes
configure:13156: checking for stdbool.h that conforms to C99
configure:13272: gcc -c -std=gnu99 -Wall -Wextra -pedantic -O3  conftest.c >&5
conftest.c: In function 'main':
conftest.c:109:14: warning: the address of 's' will always evaluate as 'true' [-Waddress]
  109 |              bool ps = &s;
      |              ^~~~
conftest.c:114:16: warning: the address of 't' will always evaluate as 'true' [-Waddress]
  114 |                _Bool pt = &t;
      |                ^~~~~
conftest.c:121:22: warning: the address of 'a' will always evaluate as 'true' [-Waddress]
  121 |              return (!a + !b + !c + !d + !e + !f + !g + !h + !i + !j + !k
      |                      ^
conftest.c:121:27: warning: the address of 'b' will always evaluate as 'true' [-Waddress]
  121 |              return (!a + !b + !c + !d + !e + !f + !g + !h + !i + !j + !k
      |                           ^
conftest.c:121:32: warning: the address of 'c' will always evaluate as 'true' [-Waddress]
  121 |              return (!a + !b + !c + !d + !e + !f + !g + !h + !i + !j + !k
      |                                ^
conftest.c:121:37: warning: the address of 'd' will always evaluate as 'true' [-Waddress]
  121 |              return (!a + !b + !c + !d + !e + !f + !g + !h + !i + !j + !k
      |                                     ^
conftest.c:121:62: warning: the address of 'i' will always evaluate as 'true' [-Waddress]
  121 |              return (!a + !b + !c + !d + !e + !f + !g + !h + !i + !j + !k
      |                                                              ^
conftest.c:121:67: warning: the address of 'j' will always evaluate as 'true' [-Waddress]
  121 |              return (!a + !b + !c + !d + !e + !f + !g + !h + !i + !j + !k
      |                                                                   ^
conftest.c:121:72: warning: the address of 'k' will always evaluate as 'true' [-Waddress]
  121 |              return (!a + !b + !c + !d + !e + !f + !g + !h + !i + !j + !k
      |                                                                        ^
conftest.c:122:24: warning: the address of 'l' will always evaluate as 'true' [-Waddress]
  122 |                      + !l + !m + !n + !o + !p + !pp + !ps
      |                        ^
conftest.c:122:29: warning: the address of 'm' will always evaluate as 'true' [-Waddress]
  122 |                      + !l + !m + !n + !o + !p + !pp + !ps
      |                             ^
conftest.c:122:34: warning: the address of 'n' will always evaluate as 'true' [-Waddress]
  122 |                      + !l + !m + !n + !o + !p + !pp + !ps
      |                                  ^
conftest.c:122:39: warning: the address of 'o' will always evaluate as 'true' [-Waddress]
  122 |                      + !l + !m + !n + !o + !p + !pp + !ps
      |                                       ^
conftest.c:124:24: warning: the address of 'q' will always evaluate as 'true' [-Waddress]
  124 |                      + !q + !r + !u + !v + !w + !x + !y + !z + !pt
      |                        ^
conftest.c:124:29: warning: the address of 'r' will always evaluate as 'true' [-Waddress]
  124 |                      + !q + !r + !u + !v + !w + !x + !y + !z + !pt
      |                             ^
conftest.c:124:34: warning: the address of 'u' will always evaluate as 'true' [-Waddress]
  124 |                      + !q + !r + !u + !v + !w + !x + !y + !z + !pt
      |                                  ^
conftest.c:124:39: warning: the address of 'v' will always evaluate as 'true' [-Waddress]
  124 |                      + !q + !r + !u + !v + !w + !x + !y + !z + !pt
      |                                       ^
conftest.c:124:44: warning: the address of 'w' will always evaluate as 'true' [-Waddress]
  124 |                      + !q + !r + !u + !v + !w + !x + !y + !z + !pt
      |                                            ^
conftest.c:124:49: warning: the address of 'x' will always evaluate as 'true' [-Waddress]
  124 |                      + !q + !r + !u + !v + !w + !x + !y + !z + !pt
      |                                                 ^
conftest.c:124:54: warning: the address of 'y' will always evaluate as 'true' [-Waddress]
  124 |                      + !q + !r + !u + !v + !w + !x + !y + !z + !pt
      |                                                      ^
configure:13272: $? = 0
configure:13280: result: yes
configure:13429: checking that generated files are newer than configure
configure:13435: result: done
configure:13459: creating ./config.status

## ---------------------- ##
## Running config.status. ##
## ---------------------- ##

This file was extended by hat-trie config.status 0.1.2, which was
generated by GNU Autoconf 2.71.  Invocation command line was

  CONFIG_FILES    = 
  CONFIG_HEADERS  = 
  CONFIG_LINKS    = 
  CONFIG_COMMANDS = 
  $ ./config.status 

on swan

config.status:1009: creating hat-trie-0.1.pc
config.status:1009: creating Makefile
config.status:1009: creating src/Makefile
config.status:1009: creating test/Makefile
config.status:1181: executing depfiles commands
config.status:1258: cd src       && sed -e '/# am--include-marker/d' Makefile         | make -f - am--depfiles
config.status:1263: $? = 0
config.status:1258: cd test       && sed -e '/# am--include-marker/d' Makefile         | make -f - am--depfiles
config.status:1263: $? = 0
config.status:1181: executing libtool commands

## ---------------- ##
## Cache variables. ##
## ---------------- ##

ac_cv_build=x86_64-pc-linux-gnu
ac_cv_c_bigendian=no
ac_cv_c_compiler_gnu=yes
ac_cv_env_CC_set=
ac_cv_env_CC_value=
ac_cv_env_CFLAGS_set=
ac_cv_env_CFLAGS_value=
ac_cv_env_CPPFLAGS_set=
ac_cv_env_CPPFLAGS_value=
ac_cv_env_CPP_set=
ac_cv_env_CPP_value=
ac_cv_env_LDFLAGS_set=
ac_cv_env_LDFLAGS_value=
ac_cv_env_LIBS_set=
ac_cv_env_LIBS_value=
ac_cv_env_LT_SYS_LIBRARY_PATH_set=
ac_cv_env_LT_SYS_LIBRARY_PATH_value=
ac_cv_env_build_alias_set=
ac_cv_env_build_alias_value=
ac_cv_env_host_alias_set=
ac_cv_env_host_alias_value=
ac_cv_env_target_alias_set=
ac_cv_env_target_alias_value=
ac_cv_header_dlfcn_h=yes
ac_cv_header_inttypes_h=yes
ac_cv_header_stdbool_h=yes
ac_cv_header_stdint_h=yes
ac_cv_header_stdio_h=yes
ac_cv_header_stdlib_h=yes
ac_cv_header_string_h=yes
ac_cv_header_strings_h=yes
ac_cv_header_sys_stat_h=yes
ac_cv_header_sys_types_h=yes
ac_cv_header_unistd_h=yes
ac_cv_host=x86_64-pc-linux-gnu
ac_cv_objext=o
ac_cv_path_EGREP='/usr/bin/grep -E'
ac_cv_path_FGREP='/usr/bin/grep -F'
ac_cv_path_GREP=/usr/bin/grep
ac_cv_path_SED=/usr/bin/sed
ac_cv_path_install='/usr/bin/install -c'
ac_cv_path_lt_DD=/usr/bin/dd
ac_cv_path_mkdir=/usr/bin/mkdir
ac_cv_prog_AWK=gawk
ac_cv_prog_CPP='gcc -E'
ac_cv_prog_ac_ct_AR=ar
ac_cv_prog_ac_ct_CC=gcc
ac_cv_prog_ac_ct_FILECMD=file
ac_cv_prog_ac_ct_MANIFEST_TOOL=mt
ac_cv_prog_ac_ct_OBJDUMP=objdump
ac_cv_prog_ac_ct_RANLIB=ranlib
ac_cv_prog_ac_ct_STRIP=strip
ac_cv_prog_cc_c11=no
ac_cv_prog_cc_c99=
ac_cv_prog_cc_g=yes
ac_cv_prog_cc_stdc=
ac_cv_prog_make_make_set=yes
ac_cv_type__Bool=yes
am_cv_CC_dependencies_compiler_type=gcc3
am_cv_make_support_nested_variables=yes
am_cv_prog_cc_c_o=yes
lt_cv_ar_at_file=@
lt_cv_deplibs_check_method=pass_all
lt_cv_file_magic_cmd='$MAGIC_CMD'
lt_cv_file_magic_test_file=
lt_cv_ld_reload_flag=-r
lt_cv_nm_interface='BSD nm'
lt_cv_objdir=.libs
lt_cv_path_LD=/usr/bin/ld
lt_cv_path_NM='/usr/bin/nm -B'
lt_cv_path_mainfest_tool=no
lt_cv_prog_compiler_c_o=yes
lt_cv_prog_compiler_pic='-fPIC -DPIC'
lt_cv_prog_compiler_pic_works=yes
lt_cv_prog_compiler_rtti_exceptions=no
lt_cv_prog_compiler_static_works=yes
lt_cv_prog_gnu_ld=yes
lt_cv_sharedlib_from_linklib_cmd='printf %s\n'
lt_cv_shlibpath_overrides_runpath=yes
lt_cv_sys_global_symbol_pipe='/usr/bin/sed -n -e '\''s/^.*[	 ]\([ABCDGIRSTW][ABCDGIRSTW]*\)[	 ][	 ]*\([_A-Za-z][_A-Za-z0-9]*\)$/\1 \2 \2/p'\'' | /usr/bin/sed '\''/ __gnu_lto/d'\'''
lt_cv_sys_global_symbol_to_c_name_address='/usr/bin/sed -n -e '\''s/^: \(.*\) .*$/  {"\1", (void *) 0},/p'\'' -e '\''s/^[ABCDGIRSTW][ABCDGIRSTW]* .* \(.*\)$/  {"\1", (void *) \&\1},/p'\'''
lt_cv_sys_global_symbol_to_c_name_address_lib_prefix='/usr/bin/sed -n -e '\''s/^: \(.*\) .*$/  {"\1", (void *) 0},/p'\'' -e '\''s/^[ABCDGIRSTW][ABCDGIRSTW]* .* \(lib.*\)$/  {"\1", (void *) \&\1},/p'\'' -e '\''s/^[ABCDGIRSTW][ABCDGIRSTW]* .* \(.*\)$/  {"lib\1", (void *) \&\1},/p'\'''
lt_cv_sys_global_symbol_to_cdecl='/usr/bin/sed -n -e '\''s/^T .* \(.*\)$/extern int \1();/p'\'' -e '\''s/^[ABCDGIRSTW][ABCDGIRSTW]* .* \(.*\)$/extern char \1;/p'\'''
lt_cv_sys_global_symbol_to_import=
lt_cv_sys_max_cmd_len=1572864
lt_cv_to_host_file_cmd=func_convert_file_noop
lt_cv_to_tool_file_cmd=func_convert_file_noop
lt_cv_truncate_bin='/usr/bin/dd bs=4096 count=1'

## ----------------- ##
## Output variables. ##
## ----------------- ##

ACLOCAL='${SHELL} '\''/home/tomas/work/korpus/manatee/manatee-open-2.214.1/hat-trie/missing'\'' aclocal-1.16'
AMDEPBACKSLASH='\'
AMDEP_FALSE='#'
AMDEP_TRUE=''
AMTAR='$${TAR-tar}'
AM_BACKSLASH='\'
AM_DEFAULT_V='$(AM_DEFAULT_VERBOSITY)'
AM_DEFAULT_VERBOSITY='0'
AM_V='$(V)'
AR='ar'
AUTOCONF='${SHELL} '\''/home/tomas/work/korpus/manatee/manatee-open-2.214.1/hat-trie/missing'\'' autoconf'
AUTOHEADER='${SHELL} '\''/home/tomas/work/korpus/manatee/manatee-open-2.214.1/hat-trie/missing'\'' autoheader'
AUTOMAKE='${SHELL} '\''/home/tomas/work/korpus/manatee/manatee-open-2.214.1/hat-trie/missing'\'' automake-1.16'
AWK='gawk'
CC='gcc'
CCDEPMODE='depmode=gcc3'
CFLAGS='-std=gnu99 -Wall -Wextra -pedantic -O3'
CPP='gcc -E'
CPPFLAGS=''
CSCOPE='cscope'
CTAGS='ctags'
CYGPATH_W='echo'
DEFS='-DPACKAGE_NAME=\"hat-trie\" -DPACKAGE_TARNAME=\"hat-trie\" -DPACKAGE_VERSION=\"0.1.2\" -DPACKAGE_STRING=\"hat-trie\ 0.1.2\" -DPACKAGE_BUGREPORT=\"dcjones@cs.washington.edu\" -DPACKAGE_URL=\"\" -DPACKAGE=\"hat-trie\" -DVERSION=\"0.1.2\" -DHAVE_STDIO_H=1 -DHAVE_STDLIB_H=1 -DHAVE_STRING_H=1 -DHAVE_INTTYPES_H=1 -DHAVE_STDINT_H=1 -DHAVE_STRINGS_H=1 -DHAVE_SYS_STAT_H=1 -DHAVE_SYS_TYPES_H=1 -DHAVE_UNISTD_H=1 -DSTDC_HEADERS=1 -DHAVE_DLFCN_H=1 -DLT_OBJDIR=\".libs/\" -DHAVE__BOOL=1 -DHAVE_STDBOOL_H=1'
DEPDIR='.deps'
DLLTOOL='false'
DSYMUTIL=''
DUMPBIN=''
ECHO_C=''
ECHO_N='-n'
ECHO_T=''
EGREP='/usr/bin/grep -E'
ETAGS='etags'
EXEEXT=''
FGREP='/usr/bin/grep -F'
FILECMD='file'
GREP='/usr/bin/grep'
INSTALL_DATA='${INSTALL} -m 644'
INSTALL_PROGRAM='${INSTALL}'
INSTALL_SCRIPT='${INSTALL}'
INSTALL_STRIP_PROGRAM='$(install_sh) -c -s'
LD='/usr/bin/ld -m elf_x86_64'
LDFLAGS=''
LIBOBJS=''
LIBS=''
LIBTOOL='$(SHELL) $(top_builddir)/libtool'
LIPO=''
LN_S='ln -s'
LTLIBOBJS=''
LT_SYS_LIBRARY_PATH=''
MAKEINFO='${SHELL} '\''/home/tomas/work/korpus/manatee/manatee-open-2.214.1/hat-trie/missing'\'' makeinfo'
MANIFEST_TOOL=':'
MKDIR_P='/usr/bin/mkdir -p'
NM='/usr/bin/nm -B'
NMEDIT=''
OBJDUMP='objdump'
OBJEXT='o'
OTOOL64=''
OTOOL=''
PACKAGE='hat-trie'
PACKAGE_BUGREPORT='dcjones@cs.washington.edu'
PACKAGE_NAME='hat-trie'
PACKAGE_STRING='hat-trie 0.1.2'
PACKAGE_TARNAME='hat-trie'
PACKAGE_URL=''
PACKAGE_VERSION='0.1.2'
PATH_SEPARATOR=':'
RANLIB='ranlib'
SED='/usr/bin/sed'
SET_MAKE=''
SHELL='/bin/bash'
STRIP='strip'
VERSION='0.1.2'
ac_ct_AR='ar'
ac_ct_CC='gcc'
ac_ct_DUMPBIN=''
am__EXEEXT_FALSE=''
am__EXEEXT_TRUE='#'
am__fastdepCC_FALSE='#'
am__fastdepCC_TRUE=''
am__include='include'
am__isrc=''
am__leading_dot='.'
am__nodep='_no'
am__quote=''
am__tar='$${TAR-tar} chof - "$$tardir"'
am__untar='$${TAR-tar} xf -'
bindir='${exec_prefix}/bin'
build='x86_64-pc-linux-gnu'
build_alias=''
build_cpu='x86_64'
build_os='linux-gnu'
build_vendor='pc'
datadir='${datarootdir}'
datarootdir='${prefix}/share'
docdir='${datarootdir}/doc/${PACKAGE_TARNAME}'
dvidir='${docdir}'
exec_prefix='${prefix}'
host='x86_64-pc-linux-gnu'
host_alias=''
host_cpu='x86_64'
host_os='linux-gnu'
host_vendor='pc'
htmldir='${docdir}'
includedir='${prefix}/include'
infodir='${datarootdir}/info'
install_sh='${SHELL} /home/tomas/work/korpus/manatee/manatee-open-2.214.1/hat-trie/install-sh'
libdir='${exec_prefix}/lib'
libexecdir='${exec_prefix}/libexec'
localedir='${datarootdir}/locale'
localstatedir='${prefix}/var'
mandir='${datarootdir}/man'
mkdir_p='$(MKDIR_P)'
oldincludedir='/usr/include'
pdfdir='${docdir}'
prefix='/usr/local'
program_transform_name='s,x,x,'
psdir='${docdir}'
runstatedir='${localstatedir}/run'
sbindir='${exec_prefix}/sbin'
sharedstatedir='${prefix}/com'
sysconfdir='${prefix}/etc'
target_alias=''

## ----------- ##
## confdefs.h. ##
## ----------- ##

/* confdefs.h */
#define PACKAGE_NAME "hat-trie"
#define PACKAGE_TARNAME "hat-trie"
#define PACKAGE_VERSION "0.1.2"
#define PACKAGE_STRING "hat-trie 0.1.2"
#define PACKAGE_BUGREPORT "dcjones@cs.washington.edu"
#define PACKAGE_URL ""
#define PACKAGE "hat-trie"
#define VERSION "0.1.2"
#define HAVE_STDIO_H 1
#define HAVE_STDLIB_H 1
#define HAVE_STRING_H 1
#define HAVE_INTTYPES_H 1
#define HAVE_STDINT_H 1
#define HAVE_STRINGS_H 1
#define HAVE_SYS_STAT_H 1
#define HAVE_SYS_TYPES_H 1
#define HAVE_UNISTD_H 1
#define STDC_HEADERS 1
#define HAVE_DLFCN_H 1
#define LT_OBJDIR ".libs/"
#define HAVE__BOOL 1
#define HAVE_STDBOOL_H 1

configure: exit 0
